2025-03-29 20:44:56,760 [INFO ] Run Configuration: {'seed': 42, 'use_cuda': True, 'epochs': 5, 'batch_size': 8192, 'model_type': 'gin', 'num_neighbors': [100, 100], 'add_ports': False, 'add_tds': False, 'add_ego': False, 'use_reverse_mp': False, 'lr': 0.006, 'n_hidden': 64, 'n_gnn_layers': 2, 'dropout': 0.01, 'final_dropout': 0.1, 'w_ce1': 1.0, 'w_ce2': 6.0, 'save_best_model': True, 'run_unique_name': '20250329_204456', 'use_tqdm': True}
2025-03-29 20:44:56,764 [INFO ] Random seed set as 42
2025-03-29 20:44:56,764 [INFO ] Using device: cuda
2025-03-29 20:44:56,765 [INFO ] --- Starting Data Loading & Processing ---
2025-03-29 20:44:59,885 [INFO ] Loaded 5078345 transactions from D:\aml\aml-demo-data\formatted_transactions.csv
2025-03-29 20:44:59,886 [INFO ] Available Edge Features: ['EdgeID', 'from_id', 'to_id', 'Timestamp', 'Amount Sent', 'Sent Currency', 'Amount Received', 'Received Currency', 'Payment Format', 'Is Laundering']
2025-03-29 20:44:59,945 [INFO ] Created 515088 nodes with placeholder features (dim=1).
2025-03-29 20:44:59,963 [INFO ] Using edge features: ['Amount Received']
2025-03-29 20:44:59,993 [INFO ] Data spans 18 days, 5078345 transactions
2025-03-29 20:45:00,099 [INFO ] Split: 3248921 train (6 days), 965524 val (2 days), 863900 test (10 days)
2025-03-29 20:45:00,110 [INFO ] Applied Z-score normalization to node features (using global stats - suboptimal).
2025-03-29 20:45:00,129 [INFO ] Applied Z-score normalization to edge features (using global stats - suboptimal).
2025-03-29 20:45:00,130 [INFO ] Data loading & processing finished in 3.36s
2025-03-29 20:45:00,131 [INFO ] --- Setting up Model Training ---
2025-03-29 20:45:00,612 [INFO ] Created DataLoaders.
2025-03-29 20:45:00,917 [INFO ] Instantiated GIN model.
2025-03-29 20:45:00,927 [INFO ] Using Calculated Loss Weights: [0.5003896355628967, 642.0792236328125]
2025-03-29 20:45:00,929 [INFO ] Using Adam optimizer (lr=0.006) and Weighted CrossEntropyLoss
2025-03-29 20:45:00,929 [INFO ] --- Starting Model Training ---
2025-03-29 20:45:01,822 [ERROR] Error during training batch: Expected input batch_size (547220) to match target batch_size (8192).
2025-03-29 20:45:01,907 [ERROR] Error during training batch: Expected input batch_size (558717) to match target batch_size (8192).
2025-03-29 20:45:01,962 [ERROR] Error during training batch: Expected input batch_size (558297) to match target batch_size (8192).
2025-03-29 20:45:02,005 [ERROR] Error during training batch: Expected input batch_size (550439) to match target batch_size (8192).
2025-03-29 20:45:02,040 [ERROR] Error during training batch: Expected input batch_size (554227) to match target batch_size (8192).
2025-03-29 20:45:02,077 [ERROR] Error during training batch: Expected input batch_size (548780) to match target batch_size (8192).
2025-03-29 20:45:02,114 [ERROR] Error during training batch: Expected input batch_size (555471) to match target batch_size (8192).
2025-03-29 20:45:02,151 [ERROR] Error during training batch: Expected input batch_size (555730) to match target batch_size (8192).
2025-03-29 20:45:02,190 [ERROR] Error during training batch: Expected input batch_size (550810) to match target batch_size (8192).
2025-03-29 20:45:02,237 [ERROR] Error during training batch: Expected input batch_size (552693) to match target batch_size (8192).
2025-03-29 20:45:02,278 [ERROR] Error during training batch: Expected input batch_size (545624) to match target batch_size (8192).
2025-03-29 20:45:02,314 [ERROR] Error during training batch: Expected input batch_size (550271) to match target batch_size (8192).
2025-03-29 20:45:02,361 [ERROR] Error during training batch: Expected input batch_size (552966) to match target batch_size (8192).
2025-03-29 20:45:02,409 [ERROR] Error during training batch: Expected input batch_size (551710) to match target batch_size (8192).
2025-03-29 20:45:02,453 [ERROR] Error during training batch: Expected input batch_size (545976) to match target batch_size (8192).
2025-03-29 20:45:02,494 [ERROR] Error during training batch: Expected input batch_size (558014) to match target batch_size (8192).
2025-03-29 20:45:02,534 [ERROR] Error during training batch: Expected input batch_size (554097) to match target batch_size (8192).
2025-03-29 20:45:02,588 [ERROR] Error during training batch: Expected input batch_size (548752) to match target batch_size (8192).
2025-03-29 20:45:02,626 [ERROR] Error during training batch: Expected input batch_size (548977) to match target batch_size (8192).
2025-03-29 20:45:02,666 [ERROR] Error during training batch: Expected input batch_size (547258) to match target batch_size (8192).
2025-03-29 20:45:02,701 [ERROR] Error during training batch: Expected input batch_size (556180) to match target batch_size (8192).
2025-03-29 20:45:02,743 [ERROR] Error during training batch: Expected input batch_size (553917) to match target batch_size (8192).
2025-03-29 20:45:02,780 [ERROR] Error during training batch: Expected input batch_size (548173) to match target batch_size (8192).
2025-03-29 20:45:02,826 [ERROR] Error during training batch: Expected input batch_size (552740) to match target batch_size (8192).
2025-03-29 20:45:02,875 [ERROR] Error during training batch: Expected input batch_size (550645) to match target batch_size (8192).
2025-03-29 20:45:02,920 [ERROR] Error during training batch: Expected input batch_size (553462) to match target batch_size (8192).
2025-03-29 20:45:02,961 [ERROR] Error during training batch: Expected input batch_size (556369) to match target batch_size (8192).
2025-03-29 20:45:03,000 [ERROR] Error during training batch: Expected input batch_size (552225) to match target batch_size (8192).
2025-03-29 20:45:03,037 [ERROR] Error during training batch: Expected input batch_size (556988) to match target batch_size (8192).
2025-03-29 20:45:03,072 [ERROR] Error during training batch: Expected input batch_size (547599) to match target batch_size (8192).
2025-03-29 20:45:03,109 [ERROR] Error during training batch: Expected input batch_size (548023) to match target batch_size (8192).
2025-03-29 20:45:03,150 [ERROR] Error during training batch: Expected input batch_size (550437) to match target batch_size (8192).
2025-03-29 20:45:03,187 [ERROR] Error during training batch: Expected input batch_size (547374) to match target batch_size (8192).
2025-03-29 20:45:03,224 [ERROR] Error during training batch: Expected input batch_size (554493) to match target batch_size (8192).
2025-03-29 20:45:03,261 [ERROR] Error during training batch: Expected input batch_size (549491) to match target batch_size (8192).
2025-03-29 20:45:03,300 [ERROR] Error during training batch: Expected input batch_size (549579) to match target batch_size (8192).
2025-03-29 20:45:03,335 [ERROR] Error during training batch: Expected input batch_size (552925) to match target batch_size (8192).
2025-03-29 20:45:03,377 [ERROR] Error during training batch: Expected input batch_size (557385) to match target batch_size (8192).
2025-03-29 20:45:03,413 [ERROR] Error during training batch: Expected input batch_size (552656) to match target batch_size (8192).
2025-03-29 20:45:03,453 [ERROR] Error during training batch: Expected input batch_size (555268) to match target batch_size (8192).
2025-03-29 20:45:03,490 [ERROR] Error during training batch: Expected input batch_size (552996) to match target batch_size (8192).
2025-03-29 20:45:03,526 [ERROR] Error during training batch: Expected input batch_size (551913) to match target batch_size (8192).
2025-03-29 20:45:03,564 [ERROR] Error during training batch: Expected input batch_size (554205) to match target batch_size (8192).
2025-03-29 20:45:03,599 [ERROR] Error during training batch: Expected input batch_size (553313) to match target batch_size (8192).
2025-03-29 20:45:03,634 [ERROR] Error during training batch: Expected input batch_size (548653) to match target batch_size (8192).
2025-03-29 20:45:03,674 [ERROR] Error during training batch: Expected input batch_size (551956) to match target batch_size (8192).
2025-03-29 20:45:03,712 [ERROR] Error during training batch: Expected input batch_size (554874) to match target batch_size (8192).
2025-03-29 20:45:03,753 [ERROR] Error during training batch: Expected input batch_size (549212) to match target batch_size (8192).
2025-03-29 20:45:03,790 [ERROR] Error during training batch: Expected input batch_size (547736) to match target batch_size (8192).
2025-03-29 20:45:03,827 [ERROR] Error during training batch: Expected input batch_size (549496) to match target batch_size (8192).
2025-03-29 20:45:03,862 [ERROR] Error during training batch: Expected input batch_size (547724) to match target batch_size (8192).
2025-03-29 20:45:03,899 [ERROR] Error during training batch: Expected input batch_size (550593) to match target batch_size (8192).
2025-03-29 20:45:03,937 [ERROR] Error during training batch: Expected input batch_size (553195) to match target batch_size (8192).
2025-03-29 20:45:03,979 [ERROR] Error during training batch: Expected input batch_size (552973) to match target batch_size (8192).
2025-03-29 20:45:04,016 [ERROR] Error during training batch: Expected input batch_size (553312) to match target batch_size (8192).
2025-03-29 20:45:04,053 [ERROR] Error during training batch: Expected input batch_size (549800) to match target batch_size (8192).
2025-03-29 20:45:04,090 [ERROR] Error during training batch: Expected input batch_size (555210) to match target batch_size (8192).
2025-03-29 20:45:04,127 [ERROR] Error during training batch: Expected input batch_size (544975) to match target batch_size (8192).
2025-03-29 20:45:04,163 [ERROR] Error during training batch: Expected input batch_size (551241) to match target batch_size (8192).
2025-03-29 20:45:04,199 [ERROR] Error during training batch: Expected input batch_size (556787) to match target batch_size (8192).
2025-03-29 20:45:04,240 [ERROR] Error during training batch: Expected input batch_size (553828) to match target batch_size (8192).
2025-03-29 20:45:04,276 [ERROR] Error during training batch: Expected input batch_size (551477) to match target batch_size (8192).
2025-03-29 20:45:04,312 [ERROR] Error during training batch: Expected input batch_size (557526) to match target batch_size (8192).
2025-03-29 20:45:04,351 [ERROR] Error during training batch: Expected input batch_size (552632) to match target batch_size (8192).
2025-03-29 20:45:04,389 [ERROR] Error during training batch: Expected input batch_size (551295) to match target batch_size (8192).
2025-03-29 20:45:04,425 [ERROR] Error during training batch: Expected input batch_size (554784) to match target batch_size (8192).
2025-03-29 20:45:04,461 [ERROR] Error during training batch: Expected input batch_size (548606) to match target batch_size (8192).
2025-03-29 20:45:04,500 [ERROR] Error during training batch: Expected input batch_size (554502) to match target batch_size (8192).
2025-03-29 20:45:04,538 [ERROR] Error during training batch: Expected input batch_size (549094) to match target batch_size (8192).
2025-03-29 20:45:04,575 [ERROR] Error during training batch: Expected input batch_size (552816) to match target batch_size (8192).
2025-03-29 20:45:04,611 [ERROR] Error during training batch: Expected input batch_size (552236) to match target batch_size (8192).
2025-03-29 20:45:04,646 [ERROR] Error during training batch: Expected input batch_size (546178) to match target batch_size (8192).
2025-03-29 20:45:04,682 [ERROR] Error during training batch: Expected input batch_size (550082) to match target batch_size (8192).
2025-03-29 20:45:04,721 [ERROR] Error during training batch: Expected input batch_size (553241) to match target batch_size (8192).
2025-03-29 20:45:04,756 [ERROR] Error during training batch: Expected input batch_size (551429) to match target batch_size (8192).
2025-03-29 20:45:04,796 [ERROR] Error during training batch: Expected input batch_size (553461) to match target batch_size (8192).
2025-03-29 20:45:04,839 [ERROR] Error during training batch: Expected input batch_size (554997) to match target batch_size (8192).
2025-03-29 20:45:04,879 [ERROR] Error during training batch: Expected input batch_size (555069) to match target batch_size (8192).
2025-03-29 20:45:04,916 [ERROR] Error during training batch: Expected input batch_size (551604) to match target batch_size (8192).
2025-03-29 20:45:04,954 [ERROR] Error during training batch: Expected input batch_size (548491) to match target batch_size (8192).
2025-03-29 20:45:04,991 [ERROR] Error during training batch: Expected input batch_size (554171) to match target batch_size (8192).
2025-03-29 20:45:05,031 [ERROR] Error during training batch: Expected input batch_size (550144) to match target batch_size (8192).
2025-03-29 20:45:05,071 [ERROR] Error during training batch: Expected input batch_size (548872) to match target batch_size (8192).
2025-03-29 20:45:05,112 [ERROR] Error during training batch: Expected input batch_size (549542) to match target batch_size (8192).
2025-03-29 20:45:05,151 [ERROR] Error during training batch: Expected input batch_size (554333) to match target batch_size (8192).
2025-03-29 20:45:05,186 [ERROR] Error during training batch: Expected input batch_size (549694) to match target batch_size (8192).
2025-03-29 20:45:05,222 [ERROR] Error during training batch: Expected input batch_size (552283) to match target batch_size (8192).
2025-03-29 20:45:05,262 [ERROR] Error during training batch: Expected input batch_size (556029) to match target batch_size (8192).
2025-03-29 20:45:05,301 [ERROR] Error during training batch: Expected input batch_size (547743) to match target batch_size (8192).
2025-03-29 20:45:05,337 [ERROR] Error during training batch: Expected input batch_size (554546) to match target batch_size (8192).
2025-03-29 20:45:05,380 [ERROR] Error during training batch: Expected input batch_size (553178) to match target batch_size (8192).
2025-03-29 20:45:05,420 [ERROR] Error during training batch: Expected input batch_size (547612) to match target batch_size (8192).
2025-03-29 20:45:05,455 [ERROR] Error during training batch: Expected input batch_size (550702) to match target batch_size (8192).
2025-03-29 20:45:05,495 [ERROR] Error during training batch: Expected input batch_size (554254) to match target batch_size (8192).
2025-03-29 20:45:05,532 [ERROR] Error during training batch: Expected input batch_size (553919) to match target batch_size (8192).
2025-03-29 20:45:05,567 [ERROR] Error during training batch: Expected input batch_size (551727) to match target batch_size (8192).
2025-03-29 20:45:05,605 [ERROR] Error during training batch: Expected input batch_size (553645) to match target batch_size (8192).
2025-03-29 20:45:05,650 [ERROR] Error during training batch: Expected input batch_size (549971) to match target batch_size (8192).
2025-03-29 20:45:05,686 [ERROR] Error during training batch: Expected input batch_size (553000) to match target batch_size (8192).
2025-03-29 20:45:05,725 [ERROR] Error during training batch: Expected input batch_size (548420) to match target batch_size (8192).
2025-03-29 20:45:05,761 [ERROR] Error during training batch: Expected input batch_size (555234) to match target batch_size (8192).
2025-03-29 20:45:05,798 [ERROR] Error during training batch: Expected input batch_size (552870) to match target batch_size (8192).
2025-03-29 20:45:05,835 [ERROR] Error during training batch: Expected input batch_size (554052) to match target batch_size (8192).
2025-03-29 20:45:05,874 [ERROR] Error during training batch: Expected input batch_size (552882) to match target batch_size (8192).
2025-03-29 20:45:05,908 [ERROR] Error during training batch: Expected input batch_size (547598) to match target batch_size (8192).
2025-03-29 20:45:05,956 [ERROR] Error during training batch: Expected input batch_size (555557) to match target batch_size (8192).
2025-03-29 20:45:05,994 [ERROR] Error during training batch: Expected input batch_size (551341) to match target batch_size (8192).
2025-03-29 20:45:06,029 [ERROR] Error during training batch: Expected input batch_size (557783) to match target batch_size (8192).
2025-03-29 20:45:06,068 [ERROR] Error during training batch: Expected input batch_size (547816) to match target batch_size (8192).
2025-03-29 20:45:06,104 [ERROR] Error during training batch: Expected input batch_size (549308) to match target batch_size (8192).
2025-03-29 20:45:06,140 [ERROR] Error during training batch: Expected input batch_size (555818) to match target batch_size (8192).
2025-03-29 20:45:06,181 [ERROR] Error during training batch: Expected input batch_size (559079) to match target batch_size (8192).
2025-03-29 20:45:06,219 [ERROR] Error during training batch: Expected input batch_size (552481) to match target batch_size (8192).
2025-03-29 20:45:06,255 [ERROR] Error during training batch: Expected input batch_size (550279) to match target batch_size (8192).
2025-03-29 20:45:06,292 [ERROR] Error during training batch: Expected input batch_size (544752) to match target batch_size (8192).
2025-03-29 20:45:06,329 [ERROR] Error during training batch: Expected input batch_size (559695) to match target batch_size (8192).
2025-03-29 20:45:06,366 [ERROR] Error during training batch: Expected input batch_size (551761) to match target batch_size (8192).
2025-03-29 20:45:06,404 [ERROR] Error during training batch: Expected input batch_size (553017) to match target batch_size (8192).
2025-03-29 20:45:06,442 [ERROR] Error during training batch: Expected input batch_size (551162) to match target batch_size (8192).
2025-03-29 20:45:06,483 [ERROR] Error during training batch: Expected input batch_size (550443) to match target batch_size (8192).
2025-03-29 20:45:06,519 [ERROR] Error during training batch: Expected input batch_size (556279) to match target batch_size (8192).
2025-03-29 20:45:06,555 [ERROR] Error during training batch: Expected input batch_size (553331) to match target batch_size (8192).
2025-03-29 20:45:06,590 [ERROR] Error during training batch: Expected input batch_size (560728) to match target batch_size (8192).
2025-03-29 20:45:06,630 [ERROR] Error during training batch: Expected input batch_size (555824) to match target batch_size (8192).
2025-03-29 20:45:06,666 [ERROR] Error during training batch: Expected input batch_size (549643) to match target batch_size (8192).
2025-03-29 20:45:06,703 [ERROR] Error during training batch: Expected input batch_size (550920) to match target batch_size (8192).
2025-03-29 20:45:06,746 [ERROR] Error during training batch: Expected input batch_size (554785) to match target batch_size (8192).
2025-03-29 20:45:06,788 [ERROR] Error during training batch: Expected input batch_size (550858) to match target batch_size (8192).
2025-03-29 20:45:06,824 [ERROR] Error during training batch: Expected input batch_size (553070) to match target batch_size (8192).
2025-03-29 20:45:06,860 [ERROR] Error during training batch: Expected input batch_size (548898) to match target batch_size (8192).
2025-03-29 20:45:06,897 [ERROR] Error during training batch: Expected input batch_size (552188) to match target batch_size (8192).
2025-03-29 20:45:06,932 [ERROR] Error during training batch: Expected input batch_size (556269) to match target batch_size (8192).
2025-03-29 20:45:06,968 [ERROR] Error during training batch: Expected input batch_size (549362) to match target batch_size (8192).
2025-03-29 20:45:07,007 [ERROR] Error during training batch: Expected input batch_size (551945) to match target batch_size (8192).
2025-03-29 20:45:07,045 [ERROR] Error during training batch: Expected input batch_size (546814) to match target batch_size (8192).
2025-03-29 20:45:07,090 [ERROR] Error during training batch: Expected input batch_size (550102) to match target batch_size (8192).
2025-03-29 20:45:07,131 [ERROR] Error during training batch: Expected input batch_size (553296) to match target batch_size (8192).
2025-03-29 20:45:07,167 [ERROR] Error during training batch: Expected input batch_size (547992) to match target batch_size (8192).
2025-03-29 20:45:07,203 [ERROR] Error during training batch: Expected input batch_size (547031) to match target batch_size (8192).
2025-03-29 20:45:07,240 [ERROR] Error during training batch: Expected input batch_size (552092) to match target batch_size (8192).
2025-03-29 20:45:07,275 [ERROR] Error during training batch: Expected input batch_size (557768) to match target batch_size (8192).
2025-03-29 20:45:07,314 [ERROR] Error during training batch: Expected input batch_size (551502) to match target batch_size (8192).
2025-03-29 20:45:07,354 [ERROR] Error during training batch: Expected input batch_size (552790) to match target batch_size (8192).
2025-03-29 20:45:07,391 [ERROR] Error during training batch: Expected input batch_size (555637) to match target batch_size (8192).
2025-03-29 20:45:07,428 [ERROR] Error during training batch: Expected input batch_size (548782) to match target batch_size (8192).
2025-03-29 20:45:07,465 [ERROR] Error during training batch: Expected input batch_size (561022) to match target batch_size (8192).
2025-03-29 20:45:07,500 [ERROR] Error during training batch: Expected input batch_size (554384) to match target batch_size (8192).
2025-03-29 20:45:07,539 [ERROR] Error during training batch: Expected input batch_size (550267) to match target batch_size (8192).
2025-03-29 20:45:07,578 [ERROR] Error during training batch: Expected input batch_size (556159) to match target batch_size (8192).
2025-03-29 20:45:07,622 [ERROR] Error during training batch: Expected input batch_size (552500) to match target batch_size (8192).
2025-03-29 20:45:07,659 [ERROR] Error during training batch: Expected input batch_size (554164) to match target batch_size (8192).
2025-03-29 20:45:07,697 [ERROR] Error during training batch: Expected input batch_size (554328) to match target batch_size (8192).
2025-03-29 20:45:07,732 [ERROR] Error during training batch: Expected input batch_size (549577) to match target batch_size (8192).
2025-03-29 20:45:07,769 [ERROR] Error during training batch: Expected input batch_size (555493) to match target batch_size (8192).
2025-03-29 20:45:07,804 [ERROR] Error during training batch: Expected input batch_size (553301) to match target batch_size (8192).
2025-03-29 20:45:07,841 [ERROR] Error during training batch: Expected input batch_size (556614) to match target batch_size (8192).
2025-03-29 20:45:07,888 [ERROR] Error during training batch: Expected input batch_size (549458) to match target batch_size (8192).
2025-03-29 20:45:07,924 [ERROR] Error during training batch: Expected input batch_size (556088) to match target batch_size (8192).
2025-03-29 20:45:07,961 [ERROR] Error during training batch: Expected input batch_size (554798) to match target batch_size (8192).
2025-03-29 20:45:07,999 [ERROR] Error during training batch: Expected input batch_size (547674) to match target batch_size (8192).
2025-03-29 20:45:08,035 [ERROR] Error during training batch: Expected input batch_size (552282) to match target batch_size (8192).
2025-03-29 20:45:08,072 [ERROR] Error during training batch: Expected input batch_size (549509) to match target batch_size (8192).
2025-03-29 20:45:08,115 [ERROR] Error during training batch: Expected input batch_size (547157) to match target batch_size (8192).
2025-03-29 20:45:08,155 [ERROR] Error during training batch: Expected input batch_size (551864) to match target batch_size (8192).
2025-03-29 20:45:08,190 [ERROR] Error during training batch: Expected input batch_size (554257) to match target batch_size (8192).
2025-03-29 20:45:08,228 [ERROR] Error during training batch: Expected input batch_size (555284) to match target batch_size (8192).
2025-03-29 20:45:08,264 [ERROR] Error during training batch: Expected input batch_size (554791) to match target batch_size (8192).
2025-03-29 20:45:08,299 [ERROR] Error during training batch: Expected input batch_size (557457) to match target batch_size (8192).
2025-03-29 20:45:08,337 [ERROR] Error during training batch: Expected input batch_size (550054) to match target batch_size (8192).
2025-03-29 20:45:08,381 [ERROR] Error during training batch: Expected input batch_size (556144) to match target batch_size (8192).
2025-03-29 20:45:08,421 [ERROR] Error during training batch: Expected input batch_size (553289) to match target batch_size (8192).
2025-03-29 20:45:08,458 [ERROR] Error during training batch: Expected input batch_size (556139) to match target batch_size (8192).
2025-03-29 20:45:08,494 [ERROR] Error during training batch: Expected input batch_size (542770) to match target batch_size (8192).
2025-03-29 20:45:08,534 [ERROR] Error during training batch: Expected input batch_size (553437) to match target batch_size (8192).
2025-03-29 20:45:08,571 [ERROR] Error during training batch: Expected input batch_size (558544) to match target batch_size (8192).
2025-03-29 20:45:08,608 [ERROR] Error during training batch: Expected input batch_size (553443) to match target batch_size (8192).
2025-03-29 20:45:08,644 [ERROR] Error during training batch: Expected input batch_size (552912) to match target batch_size (8192).
2025-03-29 20:45:08,690 [ERROR] Error during training batch: Expected input batch_size (550318) to match target batch_size (8192).
2025-03-29 20:45:08,729 [ERROR] Error during training batch: Expected input batch_size (554570) to match target batch_size (8192).
2025-03-29 20:45:08,767 [ERROR] Error during training batch: Expected input batch_size (553881) to match target batch_size (8192).
2025-03-29 20:45:08,804 [ERROR] Error during training batch: Expected input batch_size (548922) to match target batch_size (8192).
2025-03-29 20:45:08,840 [ERROR] Error during training batch: Expected input batch_size (553523) to match target batch_size (8192).
2025-03-29 20:45:08,880 [ERROR] Error during training batch: Expected input batch_size (555621) to match target batch_size (8192).
2025-03-29 20:45:08,918 [ERROR] Error during training batch: Expected input batch_size (548590) to match target batch_size (8192).
2025-03-29 20:45:08,960 [ERROR] Error during training batch: Expected input batch_size (552868) to match target batch_size (8192).
2025-03-29 20:45:08,995 [ERROR] Error during training batch: Expected input batch_size (548130) to match target batch_size (8192).
2025-03-29 20:45:09,033 [ERROR] Error during training batch: Expected input batch_size (554501) to match target batch_size (8192).
2025-03-29 20:45:09,068 [ERROR] Error during training batch: Expected input batch_size (554049) to match target batch_size (8192).
2025-03-29 20:45:09,105 [ERROR] Error during training batch: Expected input batch_size (553002) to match target batch_size (8192).
2025-03-29 20:45:09,142 [ERROR] Error during training batch: Expected input batch_size (555357) to match target batch_size (8192).
2025-03-29 20:45:09,178 [ERROR] Error during training batch: Expected input batch_size (550143) to match target batch_size (8192).
2025-03-29 20:45:09,215 [ERROR] Error during training batch: Expected input batch_size (551374) to match target batch_size (8192).
2025-03-29 20:45:09,261 [ERROR] Error during training batch: Expected input batch_size (556945) to match target batch_size (8192).
2025-03-29 20:45:09,300 [ERROR] Error during training batch: Expected input batch_size (550866) to match target batch_size (8192).
2025-03-29 20:45:09,335 [ERROR] Error during training batch: Expected input batch_size (552992) to match target batch_size (8192).
2025-03-29 20:45:09,373 [ERROR] Error during training batch: Expected input batch_size (543915) to match target batch_size (8192).
2025-03-29 20:45:09,409 [ERROR] Error during training batch: Expected input batch_size (551139) to match target batch_size (8192).
2025-03-29 20:45:09,445 [ERROR] Error during training batch: Expected input batch_size (557455) to match target batch_size (8192).
2025-03-29 20:45:09,483 [ERROR] Error during training batch: Expected input batch_size (553379) to match target batch_size (8192).
2025-03-29 20:45:09,518 [ERROR] Error during training batch: Expected input batch_size (549323) to match target batch_size (8192).
2025-03-29 20:45:09,560 [ERROR] Error during training batch: Expected input batch_size (553453) to match target batch_size (8192).
2025-03-29 20:45:09,597 [ERROR] Error during training batch: Expected input batch_size (556751) to match target batch_size (8192).
2025-03-29 20:45:09,634 [ERROR] Error during training batch: Expected input batch_size (548272) to match target batch_size (8192).
2025-03-29 20:45:09,671 [ERROR] Error during training batch: Expected input batch_size (553348) to match target batch_size (8192).
2025-03-29 20:45:09,706 [ERROR] Error during training batch: Expected input batch_size (547503) to match target batch_size (8192).
2025-03-29 20:45:09,744 [ERROR] Error during training batch: Expected input batch_size (551028) to match target batch_size (8192).
2025-03-29 20:45:09,779 [ERROR] Error during training batch: Expected input batch_size (551096) to match target batch_size (8192).
2025-03-29 20:45:09,815 [ERROR] Error during training batch: Expected input batch_size (549366) to match target batch_size (8192).
2025-03-29 20:45:09,858 [ERROR] Error during training batch: Expected input batch_size (555623) to match target batch_size (8192).
2025-03-29 20:45:09,895 [ERROR] Error during training batch: Expected input batch_size (547606) to match target batch_size (8192).
2025-03-29 20:45:09,933 [ERROR] Error during training batch: Expected input batch_size (558456) to match target batch_size (8192).
2025-03-29 20:45:09,968 [ERROR] Error during training batch: Expected input batch_size (554912) to match target batch_size (8192).
2025-03-29 20:45:10,008 [ERROR] Error during training batch: Expected input batch_size (551879) to match target batch_size (8192).
2025-03-29 20:45:10,044 [ERROR] Error during training batch: Expected input batch_size (553455) to match target batch_size (8192).
2025-03-29 20:45:10,089 [ERROR] Error during training batch: Expected input batch_size (556491) to match target batch_size (8192).
2025-03-29 20:45:10,127 [ERROR] Error during training batch: Expected input batch_size (552343) to match target batch_size (8192).
2025-03-29 20:45:10,163 [ERROR] Error during training batch: Expected input batch_size (550965) to match target batch_size (8192).
2025-03-29 20:45:10,200 [ERROR] Error during training batch: Expected input batch_size (552628) to match target batch_size (8192).
2025-03-29 20:45:10,235 [ERROR] Error during training batch: Expected input batch_size (553592) to match target batch_size (8192).
2025-03-29 20:45:10,271 [ERROR] Error during training batch: Expected input batch_size (555159) to match target batch_size (8192).
2025-03-29 20:45:10,308 [ERROR] Error during training batch: Expected input batch_size (551665) to match target batch_size (8192).
2025-03-29 20:45:10,343 [ERROR] Error during training batch: Expected input batch_size (553945) to match target batch_size (8192).
2025-03-29 20:45:10,385 [ERROR] Error during training batch: Expected input batch_size (551588) to match target batch_size (8192).
2025-03-29 20:45:10,428 [ERROR] Error during training batch: Expected input batch_size (554219) to match target batch_size (8192).
2025-03-29 20:45:10,463 [ERROR] Error during training batch: Expected input batch_size (554993) to match target batch_size (8192).
2025-03-29 20:45:10,499 [ERROR] Error during training batch: Expected input batch_size (554249) to match target batch_size (8192).
2025-03-29 20:45:10,536 [ERROR] Error during training batch: Expected input batch_size (555646) to match target batch_size (8192).
2025-03-29 20:45:10,572 [ERROR] Error during training batch: Expected input batch_size (545460) to match target batch_size (8192).
2025-03-29 20:45:10,608 [ERROR] Error during training batch: Expected input batch_size (556394) to match target batch_size (8192).
2025-03-29 20:45:10,648 [ERROR] Error during training batch: Expected input batch_size (547276) to match target batch_size (8192).
2025-03-29 20:45:10,686 [ERROR] Error during training batch: Expected input batch_size (544003) to match target batch_size (8192).
2025-03-29 20:45:10,727 [ERROR] Error during training batch: Expected input batch_size (554432) to match target batch_size (8192).
2025-03-29 20:45:10,762 [ERROR] Error during training batch: Expected input batch_size (554805) to match target batch_size (8192).
2025-03-29 20:45:10,797 [ERROR] Error during training batch: Expected input batch_size (555131) to match target batch_size (8192).
2025-03-29 20:45:10,834 [ERROR] Error during training batch: Expected input batch_size (549622) to match target batch_size (8192).
2025-03-29 20:45:10,870 [ERROR] Error during training batch: Expected input batch_size (552889) to match target batch_size (8192).
2025-03-29 20:45:10,907 [ERROR] Error during training batch: Expected input batch_size (549075) to match target batch_size (8192).
2025-03-29 20:45:10,948 [ERROR] Error during training batch: Expected input batch_size (550137) to match target batch_size (8192).
2025-03-29 20:45:10,985 [ERROR] Error during training batch: Expected input batch_size (546943) to match target batch_size (8192).
2025-03-29 20:45:11,021 [ERROR] Error during training batch: Expected input batch_size (553037) to match target batch_size (8192).
2025-03-29 20:45:11,059 [ERROR] Error during training batch: Expected input batch_size (546943) to match target batch_size (8192).
2025-03-29 20:45:11,097 [ERROR] Error during training batch: Expected input batch_size (551387) to match target batch_size (8192).
2025-03-29 20:45:11,136 [ERROR] Error during training batch: Expected input batch_size (549215) to match target batch_size (8192).
2025-03-29 20:45:11,177 [ERROR] Error during training batch: Expected input batch_size (553784) to match target batch_size (8192).
2025-03-29 20:45:11,219 [ERROR] Error during training batch: Expected input batch_size (550130) to match target batch_size (8192).
2025-03-29 20:45:11,258 [ERROR] Error during training batch: Expected input batch_size (552165) to match target batch_size (8192).
2025-03-29 20:45:11,295 [ERROR] Error during training batch: Expected input batch_size (553160) to match target batch_size (8192).
2025-03-29 20:45:11,330 [ERROR] Error during training batch: Expected input batch_size (553250) to match target batch_size (8192).
2025-03-29 20:45:11,367 [ERROR] Error during training batch: Expected input batch_size (558459) to match target batch_size (8192).
2025-03-29 20:45:11,403 [ERROR] Error during training batch: Expected input batch_size (545274) to match target batch_size (8192).
2025-03-29 20:45:11,441 [ERROR] Error during training batch: Expected input batch_size (549965) to match target batch_size (8192).
2025-03-29 20:45:11,476 [ERROR] Error during training batch: Expected input batch_size (551752) to match target batch_size (8192).
2025-03-29 20:45:11,513 [ERROR] Error during training batch: Expected input batch_size (552823) to match target batch_size (8192).
2025-03-29 20:45:11,557 [ERROR] Error during training batch: Expected input batch_size (552822) to match target batch_size (8192).
2025-03-29 20:45:11,593 [ERROR] Error during training batch: Expected input batch_size (555310) to match target batch_size (8192).
2025-03-29 20:45:11,629 [ERROR] Error during training batch: Expected input batch_size (547868) to match target batch_size (8192).
2025-03-29 20:45:11,665 [ERROR] Error during training batch: Expected input batch_size (545417) to match target batch_size (8192).
2025-03-29 20:45:11,699 [ERROR] Error during training batch: Expected input batch_size (551215) to match target batch_size (8192).
2025-03-29 20:45:11,737 [ERROR] Error during training batch: Expected input batch_size (558041) to match target batch_size (8192).
2025-03-29 20:45:11,776 [ERROR] Error during training batch: Expected input batch_size (555749) to match target batch_size (8192).
2025-03-29 20:45:11,818 [ERROR] Error during training batch: Expected input batch_size (548266) to match target batch_size (8192).
2025-03-29 20:45:11,860 [ERROR] Error during training batch: Expected input batch_size (548936) to match target batch_size (8192).
2025-03-29 20:45:11,897 [ERROR] Error during training batch: Expected input batch_size (549171) to match target batch_size (8192).
2025-03-29 20:45:11,934 [ERROR] Error during training batch: Expected input batch_size (548260) to match target batch_size (8192).
2025-03-29 20:45:11,971 [ERROR] Error during training batch: Expected input batch_size (558612) to match target batch_size (8192).
2025-03-29 20:45:12,008 [ERROR] Error during training batch: Expected input batch_size (553555) to match target batch_size (8192).
2025-03-29 20:45:12,043 [ERROR] Error during training batch: Expected input batch_size (545916) to match target batch_size (8192).
2025-03-29 20:45:12,084 [ERROR] Error during training batch: Expected input batch_size (548857) to match target batch_size (8192).
2025-03-29 20:45:12,122 [ERROR] Error during training batch: Expected input batch_size (548746) to match target batch_size (8192).
2025-03-29 20:45:12,157 [ERROR] Error during training batch: Expected input batch_size (550029) to match target batch_size (8192).
2025-03-29 20:45:12,194 [ERROR] Error during training batch: Expected input batch_size (551212) to match target batch_size (8192).
2025-03-29 20:45:12,231 [ERROR] Error during training batch: Expected input batch_size (548081) to match target batch_size (8192).
2025-03-29 20:45:12,266 [ERROR] Error during training batch: Expected input batch_size (556033) to match target batch_size (8192).
2025-03-29 20:45:12,304 [ERROR] Error during training batch: Expected input batch_size (552187) to match target batch_size (8192).
2025-03-29 20:45:12,341 [ERROR] Error during training batch: Expected input batch_size (548932) to match target batch_size (8192).
2025-03-29 20:45:12,383 [ERROR] Error during training batch: Expected input batch_size (555384) to match target batch_size (8192).
2025-03-29 20:45:12,421 [ERROR] Error during training batch: Expected input batch_size (554380) to match target batch_size (8192).
2025-03-29 20:45:12,458 [ERROR] Error during training batch: Expected input batch_size (552006) to match target batch_size (8192).
2025-03-29 20:45:12,493 [ERROR] Error during training batch: Expected input batch_size (554872) to match target batch_size (8192).
2025-03-29 20:45:12,529 [ERROR] Error during training batch: Expected input batch_size (550924) to match target batch_size (8192).
2025-03-29 20:45:12,570 [ERROR] Error during training batch: Expected input batch_size (556503) to match target batch_size (8192).
2025-03-29 20:45:12,610 [ERROR] Error during training batch: Expected input batch_size (553358) to match target batch_size (8192).
2025-03-29 20:45:12,649 [ERROR] Error during training batch: Expected input batch_size (553220) to match target batch_size (8192).
2025-03-29 20:45:12,686 [ERROR] Error during training batch: Expected input batch_size (549546) to match target batch_size (8192).
2025-03-29 20:45:12,721 [ERROR] Error during training batch: Expected input batch_size (547833) to match target batch_size (8192).
2025-03-29 20:45:12,760 [ERROR] Error during training batch: Expected input batch_size (549774) to match target batch_size (8192).
2025-03-29 20:45:12,796 [ERROR] Error during training batch: Expected input batch_size (556239) to match target batch_size (8192).
2025-03-29 20:45:12,830 [ERROR] Error during training batch: Expected input batch_size (545745) to match target batch_size (8192).
2025-03-29 20:45:12,871 [ERROR] Error during training batch: Expected input batch_size (553694) to match target batch_size (8192).
2025-03-29 20:45:12,909 [ERROR] Error during training batch: Expected input batch_size (550816) to match target batch_size (8192).
2025-03-29 20:45:12,948 [ERROR] Error during training batch: Expected input batch_size (554963) to match target batch_size (8192).
2025-03-29 20:45:12,985 [ERROR] Error during training batch: Expected input batch_size (557833) to match target batch_size (8192).
2025-03-29 20:45:13,020 [ERROR] Error during training batch: Expected input batch_size (556874) to match target batch_size (8192).
2025-03-29 20:45:13,055 [ERROR] Error during training batch: Expected input batch_size (555923) to match target batch_size (8192).
2025-03-29 20:45:13,092 [ERROR] Error during training batch: Expected input batch_size (555242) to match target batch_size (8192).
2025-03-29 20:45:13,130 [ERROR] Error during training batch: Expected input batch_size (544655) to match target batch_size (8192).
2025-03-29 20:45:13,168 [ERROR] Error during training batch: Expected input batch_size (549077) to match target batch_size (8192).
2025-03-29 20:45:13,206 [ERROR] Error during training batch: Expected input batch_size (550296) to match target batch_size (8192).
2025-03-29 20:45:13,243 [ERROR] Error during training batch: Expected input batch_size (551615) to match target batch_size (8192).
2025-03-29 20:45:13,281 [ERROR] Error during training batch: Expected input batch_size (548740) to match target batch_size (8192).
2025-03-29 20:45:13,319 [ERROR] Error during training batch: Expected input batch_size (550240) to match target batch_size (8192).
2025-03-29 20:45:13,356 [ERROR] Error during training batch: Expected input batch_size (553134) to match target batch_size (8192).
2025-03-29 20:45:13,392 [ERROR] Error during training batch: Expected input batch_size (547531) to match target batch_size (8192).
2025-03-29 20:45:13,434 [ERROR] Error during training batch: Expected input batch_size (554672) to match target batch_size (8192).
2025-03-29 20:45:13,474 [ERROR] Error during training batch: Expected input batch_size (562031) to match target batch_size (8192).
2025-03-29 20:45:13,509 [ERROR] Error during training batch: Expected input batch_size (551769) to match target batch_size (8192).
2025-03-29 20:45:13,546 [ERROR] Error during training batch: Expected input batch_size (555189) to match target batch_size (8192).
2025-03-29 20:45:13,584 [ERROR] Error during training batch: Expected input batch_size (548850) to match target batch_size (8192).
2025-03-29 20:45:13,620 [ERROR] Error during training batch: Expected input batch_size (550340) to match target batch_size (8192).
2025-03-29 20:45:13,658 [ERROR] Error during training batch: Expected input batch_size (548276) to match target batch_size (8192).
2025-03-29 20:45:13,703 [ERROR] Error during training batch: Expected input batch_size (556990) to match target batch_size (8192).
2025-03-29 20:45:13,740 [ERROR] Error during training batch: Expected input batch_size (555442) to match target batch_size (8192).
2025-03-29 20:45:13,777 [ERROR] Error during training batch: Expected input batch_size (547050) to match target batch_size (8192).
2025-03-29 20:45:13,813 [ERROR] Error during training batch: Expected input batch_size (559836) to match target batch_size (8192).
2025-03-29 20:45:13,849 [ERROR] Error during training batch: Expected input batch_size (551466) to match target batch_size (8192).
2025-03-29 20:45:13,889 [ERROR] Error during training batch: Expected input batch_size (559653) to match target batch_size (8192).
2025-03-29 20:45:13,926 [ERROR] Error during training batch: Expected input batch_size (551265) to match target batch_size (8192).
2025-03-29 20:45:13,962 [ERROR] Error during training batch: Expected input batch_size (559046) to match target batch_size (8192).
2025-03-29 20:45:14,005 [ERROR] Error during training batch: Expected input batch_size (552106) to match target batch_size (8192).
2025-03-29 20:45:14,041 [ERROR] Error during training batch: Expected input batch_size (556281) to match target batch_size (8192).
2025-03-29 20:45:14,076 [ERROR] Error during training batch: Expected input batch_size (548741) to match target batch_size (8192).
2025-03-29 20:45:14,113 [ERROR] Error during training batch: Expected input batch_size (550494) to match target batch_size (8192).
2025-03-29 20:45:14,151 [ERROR] Error during training batch: Expected input batch_size (553596) to match target batch_size (8192).
2025-03-29 20:45:14,186 [ERROR] Error during training batch: Expected input batch_size (552523) to match target batch_size (8192).
2025-03-29 20:45:14,226 [ERROR] Error during training batch: Expected input batch_size (545880) to match target batch_size (8192).
2025-03-29 20:45:14,267 [ERROR] Error during training batch: Expected input batch_size (547660) to match target batch_size (8192).
2025-03-29 20:45:14,305 [ERROR] Error during training batch: Expected input batch_size (547693) to match target batch_size (8192).
2025-03-29 20:45:14,343 [ERROR] Error during training batch: Expected input batch_size (550386) to match target batch_size (8192).
2025-03-29 20:45:14,381 [ERROR] Error during training batch: Expected input batch_size (552758) to match target batch_size (8192).
2025-03-29 20:45:14,416 [ERROR] Error during training batch: Expected input batch_size (553089) to match target batch_size (8192).
2025-03-29 20:45:14,453 [ERROR] Error during training batch: Expected input batch_size (553825) to match target batch_size (8192).
2025-03-29 20:45:14,491 [ERROR] Error during training batch: Expected input batch_size (553362) to match target batch_size (8192).
2025-03-29 20:45:14,527 [ERROR] Error during training batch: Expected input batch_size (548449) to match target batch_size (8192).
2025-03-29 20:45:14,567 [ERROR] Error during training batch: Expected input batch_size (551199) to match target batch_size (8192).
2025-03-29 20:45:14,609 [ERROR] Error during training batch: Expected input batch_size (551253) to match target batch_size (8192).
2025-03-29 20:45:14,647 [ERROR] Error during training batch: Expected input batch_size (552969) to match target batch_size (8192).
2025-03-29 20:45:14,684 [ERROR] Error during training batch: Expected input batch_size (554135) to match target batch_size (8192).
2025-03-29 20:45:14,721 [ERROR] Error during training batch: Expected input batch_size (548988) to match target batch_size (8192).
2025-03-29 20:45:14,756 [ERROR] Error during training batch: Expected input batch_size (550660) to match target batch_size (8192).
2025-03-29 20:45:14,794 [ERROR] Error during training batch: Expected input batch_size (554813) to match target batch_size (8192).
2025-03-29 20:45:14,831 [ERROR] Error during training batch: Expected input batch_size (557705) to match target batch_size (8192).
2025-03-29 20:45:14,868 [ERROR] Error during training batch: Expected input batch_size (551113) to match target batch_size (8192).
2025-03-29 20:45:14,910 [ERROR] Error during training batch: Expected input batch_size (551228) to match target batch_size (8192).
2025-03-29 20:45:14,949 [ERROR] Error during training batch: Expected input batch_size (550962) to match target batch_size (8192).
2025-03-29 20:45:14,985 [ERROR] Error during training batch: Expected input batch_size (556018) to match target batch_size (8192).
2025-03-29 20:45:15,023 [ERROR] Error during training batch: Expected input batch_size (555124) to match target batch_size (8192).
2025-03-29 20:45:15,066 [ERROR] Error during training batch: Expected input batch_size (547211) to match target batch_size (8192).
2025-03-29 20:45:15,108 [ERROR] Error during training batch: Expected input batch_size (556577) to match target batch_size (8192).
2025-03-29 20:45:15,146 [ERROR] Error during training batch: Expected input batch_size (549029) to match target batch_size (8192).
2025-03-29 20:45:15,192 [ERROR] Error during training batch: Expected input batch_size (548782) to match target batch_size (8192).
2025-03-29 20:45:15,230 [ERROR] Error during training batch: Expected input batch_size (553666) to match target batch_size (8192).
2025-03-29 20:45:15,267 [ERROR] Error during training batch: Expected input batch_size (550688) to match target batch_size (8192).
2025-03-29 20:45:15,303 [ERROR] Error during training batch: Expected input batch_size (546534) to match target batch_size (8192).
2025-03-29 20:45:15,344 [ERROR] Error during training batch: Expected input batch_size (546491) to match target batch_size (8192).
2025-03-29 20:45:15,384 [ERROR] Error during training batch: Expected input batch_size (551184) to match target batch_size (8192).
2025-03-29 20:45:15,421 [ERROR] Error during training batch: Expected input batch_size (559051) to match target batch_size (8192).
2025-03-29 20:45:15,456 [ERROR] Error during training batch: Expected input batch_size (552656) to match target batch_size (8192).
2025-03-29 20:45:15,495 [ERROR] Error during training batch: Expected input batch_size (550634) to match target batch_size (8192).
2025-03-29 20:45:15,531 [ERROR] Error during training batch: Expected input batch_size (557108) to match target batch_size (8192).
2025-03-29 20:45:15,571 [ERROR] Error during training batch: Expected input batch_size (547390) to match target batch_size (8192).
2025-03-29 20:45:15,614 [ERROR] Error during training batch: Expected input batch_size (552748) to match target batch_size (8192).
2025-03-29 20:45:15,653 [ERROR] Error during training batch: Expected input batch_size (549928) to match target batch_size (8192).
2025-03-29 20:45:15,690 [ERROR] Error during training batch: Expected input batch_size (556240) to match target batch_size (8192).
2025-03-29 20:45:15,727 [ERROR] Error during training batch: Expected input batch_size (550780) to match target batch_size (8192).
2025-03-29 20:45:15,765 [ERROR] Error during training batch: Expected input batch_size (548490) to match target batch_size (8192).
2025-03-29 20:45:15,803 [ERROR] Error during training batch: Expected input batch_size (557623) to match target batch_size (8192).
2025-03-29 20:45:15,839 [ERROR] Error during training batch: Expected input batch_size (554474) to match target batch_size (8192).
2025-03-29 20:45:15,886 [ERROR] Error during training batch: Expected input batch_size (558415) to match target batch_size (8192).
2025-03-29 20:45:15,921 [ERROR] Error during training batch: Expected input batch_size (553616) to match target batch_size (8192).
2025-03-29 20:45:15,961 [ERROR] Error during training batch: Expected input batch_size (549810) to match target batch_size (8192).
2025-03-29 20:45:15,999 [ERROR] Error during training batch: Expected input batch_size (556865) to match target batch_size (8192).
2025-03-29 20:45:16,035 [ERROR] Error during training batch: Expected input batch_size (558891) to match target batch_size (8192).
2025-03-29 20:45:16,074 [ERROR] Error during training batch: Expected input batch_size (550307) to match target batch_size (8192).
2025-03-29 20:45:16,110 [ERROR] Error during training batch: Expected input batch_size (550349) to match target batch_size (8192).
2025-03-29 20:45:16,149 [ERROR] Error during training batch: Expected input batch_size (545772) to match target batch_size (8192).
2025-03-29 20:45:16,191 [ERROR] Error during training batch: Expected input batch_size (553429) to match target batch_size (8192).
2025-03-29 20:45:16,230 [ERROR] Error during training batch: Expected input batch_size (556067) to match target batch_size (8192).
2025-03-29 20:45:16,265 [ERROR] Error during training batch: Expected input batch_size (552962) to match target batch_size (8192).
2025-03-29 20:45:16,301 [ERROR] Error during training batch: Expected input batch_size (552880) to match target batch_size (8192).
2025-03-29 20:45:16,339 [ERROR] Error during training batch: Expected input batch_size (548248) to match target batch_size (8192).
2025-03-29 20:45:16,378 [ERROR] Error during training batch: Expected input batch_size (555664) to match target batch_size (8192).
2025-03-29 20:45:16,421 [ERROR] Error during training batch: Expected input batch_size (547559) to match target batch_size (8192).
2025-03-29 20:45:16,458 [ERROR] Error during training batch: Expected input batch_size (550884) to match target batch_size (8192).
2025-03-29 20:45:16,493 [ERROR] Error during training batch: Expected input batch_size (554005) to match target batch_size (8192).
2025-03-29 20:45:16,531 [ERROR] Error during training batch: Expected input batch_size (553134) to match target batch_size (8192).
2025-03-29 20:45:16,571 [ERROR] Error during training batch: Expected input batch_size (554035) to match target batch_size (8192).
2025-03-29 20:45:16,608 [ERROR] Error during training batch: Expected input batch_size (556004) to match target batch_size (8192).
2025-03-29 20:45:16,646 [ERROR] Error during training batch: Expected input batch_size (552327) to match target batch_size (8192).
2025-03-29 20:45:16,686 [ERROR] Error during training batch: Expected input batch_size (550980) to match target batch_size (8192).
2025-03-29 20:45:16,725 [ERROR] Error during training batch: Expected input batch_size (552942) to match target batch_size (8192).
2025-03-29 20:45:16,762 [ERROR] Error during training batch: Expected input batch_size (552070) to match target batch_size (8192).
2025-03-29 20:45:16,799 [ERROR] Error during training batch: Expected input batch_size (552864) to match target batch_size (8192).
2025-03-29 20:45:16,835 [ERROR] Error during training batch: Expected input batch_size (550820) to match target batch_size (8192).
2025-03-29 20:45:16,872 [ERROR] Error during training batch: Expected input batch_size (549666) to match target batch_size (8192).
2025-03-29 20:45:16,908 [ERROR] Error during training batch: Expected input batch_size (550296) to match target batch_size (8192).
2025-03-29 20:45:16,943 [ERROR] Error during training batch: Expected input batch_size (541094) to match target batch_size (8192).
2025-03-29 20:45:17,086 [ERROR] Error during training batch: Expected input batch_size (349614) to match target batch_size (4889).
2025-03-29 20:45:17,088 [WARNI] No training predictions recorded for epoch 1.
2025-03-29 20:45:21,631 [WARNI] Could not calculate confusion matrix: Found input variables with inconsistent numbers of samples: [965524, 48760004]
2025-03-29 20:52:06,713 [INFO ] Run Configuration: {'seed': 42, 'use_cuda': True, 'epochs': 5, 'batch_size': 8192, 'model_type': 'gin', 'num_neighbors': [100, 100], 'add_ports': False, 'add_tds': False, 'add_ego': False, 'use_reverse_mp': False, 'lr': 0.006, 'n_hidden': 64, 'n_gnn_layers': 2, 'dropout': 0.01, 'final_dropout': 0.1, 'w_ce1': 1.0, 'w_ce2': 6.0, 'save_best_model': True, 'run_unique_name': '20250329_205206', 'use_tqdm': True}
2025-03-29 20:52:06,715 [INFO ] Random seed set as 42
2025-03-29 20:52:06,715 [INFO ] Using device: cuda
2025-03-29 20:52:06,716 [INFO ] --- Starting Data Loading & Processing ---
2025-03-29 20:52:09,292 [INFO ] Loaded 5078345 transactions from D:\aml\aml-demo-data\formatted_transactions.csv
2025-03-29 20:52:09,293 [INFO ] Available Edge Features: ['EdgeID', 'from_id', 'to_id', 'Timestamp', 'Amount Sent', 'Sent Currency', 'Amount Received', 'Received Currency', 'Payment Format', 'Is Laundering']
2025-03-29 20:52:09,341 [INFO ] Created 515088 nodes with placeholder features (dim=1).
2025-03-29 20:52:09,394 [INFO ] Using edge features: ['Amount Received']
2025-03-29 20:52:09,396 [INFO ] Data spans 18 days, 5078345 transactions
2025-03-29 20:52:16,954 [INFO ] Run Configuration: {'seed': 42, 'use_cuda': True, 'epochs': 5, 'batch_size': 8192, 'model_type': 'gin', 'num_neighbors': [100, 100], 'add_ports': False, 'add_tds': False, 'add_ego': False, 'use_reverse_mp': False, 'lr': 0.006, 'n_hidden': 64, 'n_gnn_layers': 2, 'dropout': 0.01, 'final_dropout': 0.1, 'w_ce1': 1.0, 'w_ce2': 6.0, 'save_best_model': True, 'run_unique_name': '20250329_205216', 'use_tqdm': True}
2025-03-29 20:52:16,956 [INFO ] Random seed set as 42
2025-03-29 20:52:16,957 [INFO ] Using device: cuda
2025-03-29 20:52:16,957 [INFO ] --- Starting Data Loading & Processing ---
2025-03-29 20:52:19,295 [INFO ] Loaded 5078345 transactions from D:\aml\aml-demo-data\formatted_transactions.csv
2025-03-29 20:52:19,296 [INFO ] Available Edge Features: ['EdgeID', 'from_id', 'to_id', 'Timestamp', 'Amount Sent', 'Sent Currency', 'Amount Received', 'Received Currency', 'Payment Format', 'Is Laundering']
2025-03-29 20:52:19,346 [INFO ] Created 515088 nodes with placeholder features (dim=1).
2025-03-29 20:52:19,405 [INFO ] Using edge features: ['Amount Received']
2025-03-29 20:52:19,406 [INFO ] Data spans 18 days, 5078345 transactions
