2025-04-03 13:27:49,318 [INFO ] Random seed set as 1
2025-04-03 13:27:49,319 [INFO ] Retrieving data
2025-04-03 13:28:53,823 [INFO ] Random seed set as 1
2025-04-03 13:28:53,824 [INFO ] Retrieving data
2025-04-03 13:28:56,294 [INFO ] Available Edge Features: ['EdgeID', 'from_id', 'to_id', 'Timestamp', 'Amount Sent', 'Sent Currency', 'Amount Received', 'Received Currency', 'Payment Format', 'Is Laundering']
2025-04-03 13:29:45,749 [INFO ] Illicit ratio = 5177 / 5078345 = 0.10%
2025-04-03 13:29:45,749 [INFO ] Number of nodes (holdings doing transcations) = 515088
2025-04-03 13:29:45,749 [INFO ] Number of transactions = 5078345
2025-04-03 13:29:45,749 [INFO ] Edge features being used: ['Timestamp', 'Amount Received', 'Received Currency', 'Payment Format']
2025-04-03 13:29:45,750 [INFO ] Node features being used: ['Feature'] ("Feature" is a placeholder feature of all 1s)
2025-04-03 13:29:45,853 [INFO ] number of days and transactions in the data: 18 days, 5078345 transactions
2025-04-03 13:29:45,913 [INFO ] Calculate split: [[0, 1, 2, 3, 4, 5], [6, 7], [8, 9, 10, 11, 12, 13, 14, 15, 16, 17]]
2025-04-03 13:29:45,920 [INFO ] Total train samples: 63.98% || IR: 0.08% || Train days: [0, 1, 2, 3, 4]
2025-04-03 13:29:45,921 [INFO ] Total val samples: 19.01% || IR: 0.11% || Val days: [6, 7]
2025-04-03 13:29:45,922 [INFO ] Total test samples: 17.01% || IR: 0.19% || Test days: [8, 9, 10, 11, 12]
2025-04-03 13:29:46,324 [INFO ] train data object: GraphData(x=[515088, 1], edge_index=[2, 3248921], edge_attr=[3248921, 4], y=[3248921], readout='edge', loss_fn='ce', num_nodes=515088, timestamps=[3248921])
2025-04-03 13:29:46,324 [INFO ] validation data object: GraphData(x=[515088, 1], edge_index=[2, 4214445], edge_attr=[4214445, 4], y=[4214445], readout='edge', loss_fn='ce', num_nodes=515088, timestamps=[4214445])
2025-04-03 13:29:46,324 [INFO ] test data object: GraphData(x=[515088, 1], edge_index=[2, 5078345], edge_attr=[5078345, 4], y=[5078345], readout='edge', loss_fn='ce', num_nodes=515088, timestamps=[5078345])
2025-04-03 13:29:46,328 [INFO ] Retrieved data in 52.50s
2025-04-03 13:29:46,329 [INFO ] Running Training
2025-04-03 13:30:39,453 [INFO ] Train F1: 0.0005
2025-04-03 13:31:26,194 [INFO ] Validation F1: 0.0000
2025-04-03 13:31:26,194 [INFO ] Test F1: 0.0000
2025-04-03 13:32:17,273 [INFO ] Train F1: 0.0450
2025-04-03 13:33:01,935 [INFO ] Validation F1: 0.1783
2025-04-03 13:33:01,935 [INFO ] Test F1: 0.1801
2025-04-03 13:33:52,977 [INFO ] Train F1: 0.1722
2025-04-03 13:34:37,589 [INFO ] Validation F1: 0.2043
2025-04-03 13:34:37,590 [INFO ] Test F1: 0.2549
2025-04-03 13:35:28,621 [INFO ] Train F1: 0.2213
2025-04-03 13:36:13,840 [INFO ] Validation F1: 0.2500
2025-04-03 13:36:13,840 [INFO ] Test F1: 0.3144
2025-04-03 13:37:04,112 [INFO ] Train F1: 0.2431
2025-04-03 13:37:49,736 [INFO ] Validation F1: 0.2652
2025-04-03 13:37:49,737 [INFO ] Test F1: 0.3366
2025-04-03 13:38:40,443 [INFO ] Train F1: 0.2709
2025-04-03 13:39:27,849 [INFO ] Validation F1: 0.2775
2025-04-03 13:39:27,849 [INFO ] Test F1: 0.3120
2025-04-03 13:40:18,650 [INFO ] Train F1: 0.2947
2025-04-03 13:41:07,521 [INFO ] Validation F1: 0.3105
2025-04-03 13:41:07,523 [INFO ] Test F1: 0.3570
2025-04-03 13:41:58,481 [INFO ] Train F1: 0.2984
2025-04-03 13:42:44,458 [INFO ] Validation F1: 0.2885
2025-04-03 13:42:44,458 [INFO ] Test F1: 0.3306
2025-04-03 13:43:35,607 [INFO ] Train F1: 0.3213
2025-04-03 13:44:21,870 [INFO ] Validation F1: 0.2974
2025-04-03 13:44:21,871 [INFO ] Test F1: 0.3359
2025-04-03 13:45:13,086 [INFO ] Train F1: 0.3157
2025-04-03 13:45:58,348 [INFO ] Validation F1: 0.2963
2025-04-03 13:45:58,348 [INFO ] Test F1: 0.2790
2025-04-03 13:46:49,829 [INFO ] Train F1: 0.3254
2025-04-03 13:47:33,425 [INFO ] Validation F1: 0.2542
2025-04-03 13:47:33,426 [INFO ] Test F1: 0.3026
2025-04-03 13:48:25,681 [INFO ] Train F1: 0.3241
2025-04-03 13:49:08,793 [INFO ] Validation F1: 0.2897
2025-04-03 13:49:08,793 [INFO ] Test F1: 0.2859
2025-04-03 13:49:57,927 [INFO ] Train F1: 0.3289
2025-04-03 13:50:39,307 [INFO ] Validation F1: 0.3102
2025-04-03 13:50:39,307 [INFO ] Test F1: 0.3405
2025-04-03 13:51:33,211 [INFO ] Train F1: 0.3375
2025-04-03 13:52:13,673 [INFO ] Validation F1: 0.3333
2025-04-03 13:52:13,673 [INFO ] Test F1: 0.3144
2025-04-03 13:53:05,558 [INFO ] Train F1: 0.3377
2025-04-03 13:53:46,483 [INFO ] Validation F1: 0.3212
2025-04-03 13:53:46,483 [INFO ] Test F1: 0.2992
2025-04-03 13:54:39,395 [INFO ] Train F1: 0.3509
2025-04-03 13:55:19,957 [INFO ] Validation F1: 0.3142
2025-04-03 13:55:19,957 [INFO ] Test F1: 0.3247
2025-04-03 13:56:11,690 [INFO ] Train F1: 0.3514
2025-04-03 13:56:52,437 [INFO ] Validation F1: 0.2921
2025-04-03 13:56:52,437 [INFO ] Test F1: 0.2681
2025-04-03 13:57:44,821 [INFO ] Train F1: 0.3545
2025-04-03 13:58:25,487 [INFO ] Validation F1: 0.3359
2025-04-03 13:58:25,487 [INFO ] Test F1: 0.2992
2025-04-03 13:59:17,139 [INFO ] Train F1: 0.3544
2025-04-03 13:59:57,608 [INFO ] Validation F1: 0.3132
2025-04-03 13:59:57,608 [INFO ] Test F1: 0.3192
2025-04-03 14:00:49,375 [INFO ] Train F1: 0.3550
2025-04-03 14:01:29,960 [INFO ] Validation F1: 0.2815
2025-04-03 14:01:29,960 [INFO ] Test F1: 0.2677
2025-04-03 14:02:21,543 [INFO ] Train F1: 0.3646
2025-04-03 14:03:01,373 [INFO ] Validation F1: 0.2918
2025-04-03 14:03:01,373 [INFO ] Test F1: 0.2795
2025-04-03 14:03:48,056 [INFO ] Train F1: 0.3715
2025-04-03 14:04:27,595 [INFO ] Validation F1: 0.3391
2025-04-03 14:04:27,595 [INFO ] Test F1: 0.2825
2025-04-03 14:05:13,967 [INFO ] Train F1: 0.3645
2025-04-03 14:05:53,402 [INFO ] Validation F1: 0.2614
2025-04-03 14:05:53,402 [INFO ] Test F1: 0.2198
2025-04-03 14:06:39,697 [INFO ] Train F1: 0.3684
2025-04-03 14:07:19,272 [INFO ] Validation F1: 0.3477
2025-04-03 14:07:19,272 [INFO ] Test F1: 0.3247
2025-04-03 14:08:05,861 [INFO ] Train F1: 0.3769
2025-04-03 14:08:45,331 [INFO ] Validation F1: 0.3086
2025-04-03 14:08:45,331 [INFO ] Test F1: 0.2530
2025-04-03 14:09:31,872 [INFO ] Train F1: 0.3853
2025-04-03 14:10:11,132 [INFO ] Validation F1: 0.2735
2025-04-03 14:10:11,132 [INFO ] Test F1: 0.1898
2025-04-03 14:10:57,679 [INFO ] Train F1: 0.3770
2025-04-03 14:11:37,145 [INFO ] Validation F1: 0.2985
2025-04-03 14:11:37,145 [INFO ] Test F1: 0.2021
2025-04-03 14:12:24,455 [INFO ] Train F1: 0.3882
2025-04-03 14:13:03,807 [INFO ] Validation F1: 0.3343
2025-04-03 14:13:03,807 [INFO ] Test F1: 0.2280
2025-04-03 14:13:51,388 [INFO ] Train F1: 0.3800
2025-04-03 14:14:30,740 [INFO ] Validation F1: 0.3108
2025-04-03 14:14:30,740 [INFO ] Test F1: 0.2470
2025-04-03 14:15:18,640 [INFO ] Train F1: 0.3725
2025-04-03 14:15:57,986 [INFO ] Validation F1: 0.3094
2025-04-03 14:15:57,986 [INFO ] Test F1: 0.2871
2025-04-03 14:16:45,428 [INFO ] Train F1: 0.3791
2025-04-03 14:17:24,722 [INFO ] Validation F1: 0.3260
2025-04-03 14:17:24,722 [INFO ] Test F1: 0.2127
2025-04-03 14:18:12,613 [INFO ] Train F1: 0.3923
2025-04-03 14:18:51,899 [INFO ] Validation F1: 0.3203
2025-04-03 14:18:51,899 [INFO ] Test F1: 0.2196
2025-04-03 14:19:38,894 [INFO ] Train F1: 0.3846
2025-04-03 14:20:19,942 [INFO ] Validation F1: 0.3052
2025-04-03 14:20:19,942 [INFO ] Test F1: 0.2250
2025-04-03 14:21:10,617 [INFO ] Train F1: 0.3860
2025-04-03 14:21:58,313 [INFO ] Validation F1: 0.3038
2025-04-03 14:21:58,313 [INFO ] Test F1: 0.1627
2025-04-03 14:22:49,559 [INFO ] Train F1: 0.3936
2025-04-03 14:23:38,300 [INFO ] Validation F1: 0.2909
2025-04-03 14:23:38,301 [INFO ] Test F1: 0.2411
2025-04-03 14:24:29,803 [INFO ] Train F1: 0.3992
2025-04-03 14:25:15,789 [INFO ] Validation F1: 0.3205
2025-04-03 14:25:15,789 [INFO ] Test F1: 0.2735
2025-04-03 14:26:05,523 [INFO ] Train F1: 0.4030
2025-04-03 14:26:47,622 [INFO ] Validation F1: 0.3168
2025-04-03 14:26:47,623 [INFO ] Test F1: 0.2479
2025-04-03 14:27:37,773 [INFO ] Train F1: 0.3983
2025-04-03 14:28:19,905 [INFO ] Validation F1: 0.3118
2025-04-03 14:28:19,906 [INFO ] Test F1: 0.2670
2025-04-03 14:29:09,968 [INFO ] Train F1: 0.4067
2025-04-03 14:29:52,122 [INFO ] Validation F1: 0.3418
2025-04-03 14:29:52,122 [INFO ] Test F1: 0.2733
2025-04-03 14:30:42,171 [INFO ] Train F1: 0.4068
2025-04-03 14:31:24,407 [INFO ] Validation F1: 0.3161
2025-04-03 14:31:24,407 [INFO ] Test F1: 0.1276
2025-04-03 14:32:14,497 [INFO ] Train F1: 0.3984
2025-04-03 14:32:55,095 [INFO ] Validation F1: 0.3430
2025-04-03 14:32:55,095 [INFO ] Test F1: 0.2387
2025-04-03 14:33:45,697 [INFO ] Train F1: 0.3962
2025-04-03 14:34:29,732 [INFO ] Validation F1: 0.3302
2025-04-03 14:34:29,732 [INFO ] Test F1: 0.2806
2025-04-03 14:35:20,221 [INFO ] Train F1: 0.4050
2025-04-03 14:36:01,098 [INFO ] Validation F1: 0.2698
2025-04-03 14:36:01,098 [INFO ] Test F1: 0.1829
2025-04-03 14:36:51,634 [INFO ] Train F1: 0.3973
2025-04-03 14:37:34,905 [INFO ] Validation F1: 0.3365
2025-04-03 14:37:34,905 [INFO ] Test F1: 0.2483
2025-04-03 14:38:24,842 [INFO ] Train F1: 0.4092
2025-04-03 14:39:09,471 [INFO ] Validation F1: 0.3039
2025-04-03 14:39:09,472 [INFO ] Test F1: 0.2158
2025-04-03 14:40:00,768 [INFO ] Train F1: 0.4199
2025-04-03 14:40:45,254 [INFO ] Validation F1: 0.3135
2025-04-03 14:40:45,254 [INFO ] Test F1: 0.2070
2025-04-03 14:41:35,468 [INFO ] Train F1: 0.4042
2025-04-03 14:42:20,485 [INFO ] Validation F1: 0.3031
2025-04-03 14:42:20,486 [INFO ] Test F1: 0.1451
2025-04-03 14:43:11,288 [INFO ] Train F1: 0.4326
2025-04-03 14:44:03,720 [INFO ] Validation F1: 0.3105
2025-04-03 14:44:03,720 [INFO ] Test F1: 0.2201
2025-04-03 14:44:54,543 [INFO ] Train F1: 0.4206
2025-04-03 14:45:44,020 [INFO ] Validation F1: 0.3364
2025-04-03 14:45:44,020 [INFO ] Test F1: 0.2586
2025-04-03 14:46:35,519 [INFO ] Train F1: 0.4247
2025-04-03 14:47:21,013 [INFO ] Validation F1: 0.3219
2025-04-03 14:47:21,014 [INFO ] Test F1: 0.2784
2025-04-03 14:48:13,456 [INFO ] Train F1: 0.4261
2025-04-03 14:48:58,801 [INFO ] Validation F1: 0.3374
2025-04-03 14:48:58,801 [INFO ] Test F1: 0.2504
2025-04-03 14:49:49,654 [INFO ] Train F1: 0.4286
2025-04-03 14:50:35,850 [INFO ] Validation F1: 0.3283
2025-04-03 14:50:35,850 [INFO ] Test F1: 0.2196
2025-04-03 14:51:28,064 [INFO ] Train F1: 0.4304
2025-04-03 14:52:17,770 [INFO ] Validation F1: 0.2996
2025-04-03 14:52:17,770 [INFO ] Test F1: 0.1726
2025-04-03 14:53:08,622 [INFO ] Train F1: 0.4293
2025-04-03 14:53:57,301 [INFO ] Validation F1: 0.3156
2025-04-03 14:53:57,302 [INFO ] Test F1: 0.2129
2025-04-03 14:54:48,562 [INFO ] Train F1: 0.4342
2025-04-03 14:55:40,317 [INFO ] Validation F1: 0.3093
2025-04-03 14:55:40,317 [INFO ] Test F1: 0.1961
2025-04-03 14:56:31,751 [INFO ] Train F1: 0.4269
2025-04-03 14:57:17,991 [INFO ] Validation F1: 0.3223
2025-04-03 14:57:17,991 [INFO ] Test F1: 0.2479
2025-04-03 14:58:07,974 [INFO ] Train F1: 0.4307
2025-04-03 14:58:52,317 [INFO ] Validation F1: 0.2720
2025-04-03 14:58:52,317 [INFO ] Test F1: 0.1323
2025-04-03 14:59:43,865 [INFO ] Train F1: 0.4389
2025-04-03 15:00:28,003 [INFO ] Validation F1: 0.2903
2025-04-03 15:00:28,004 [INFO ] Test F1: 0.2287
2025-04-03 15:01:18,568 [INFO ] Train F1: 0.4398
2025-04-03 15:01:58,762 [INFO ] Validation F1: 0.2962
2025-04-03 15:01:58,763 [INFO ] Test F1: 0.1690
2025-04-03 15:02:49,089 [INFO ] Train F1: 0.4408
2025-04-03 15:03:32,803 [INFO ] Validation F1: 0.2954
2025-04-03 15:03:32,803 [INFO ] Test F1: 0.2133
2025-04-03 15:04:24,147 [INFO ] Train F1: 0.4367
2025-04-03 15:05:12,446 [INFO ] Validation F1: 0.2713
2025-04-03 15:05:12,446 [INFO ] Test F1: 0.1585
2025-04-03 15:06:03,707 [INFO ] Train F1: 0.4415
2025-04-03 15:06:53,429 [INFO ] Validation F1: 0.2536
2025-04-03 15:06:53,429 [INFO ] Test F1: 0.1379
2025-04-03 15:07:44,229 [INFO ] Train F1: 0.4356
2025-04-03 15:08:34,463 [INFO ] Validation F1: 0.3176
2025-04-03 15:08:34,464 [INFO ] Test F1: 0.1947
2025-04-03 15:09:25,490 [INFO ] Train F1: 0.4498
2025-04-03 15:10:12,342 [INFO ] Validation F1: 0.3096
2025-04-03 15:10:12,342 [INFO ] Test F1: 0.2457
2025-04-03 15:11:03,566 [INFO ] Train F1: 0.4415
2025-04-03 15:11:51,193 [INFO ] Validation F1: 0.2839
2025-04-03 15:11:51,193 [INFO ] Test F1: 0.1446
2025-04-03 15:12:42,351 [INFO ] Train F1: 0.4508
2025-04-03 15:13:29,154 [INFO ] Validation F1: 0.3055
2025-04-03 15:13:29,154 [INFO ] Test F1: 0.2177
2025-04-03 15:14:20,247 [INFO ] Train F1: 0.4535
2025-04-03 15:15:10,130 [INFO ] Validation F1: 0.2833
2025-04-03 15:15:10,130 [INFO ] Test F1: 0.1496
2025-04-03 15:16:02,081 [INFO ] Train F1: 0.4580
2025-04-03 15:16:52,262 [INFO ] Validation F1: 0.2881
2025-04-03 15:16:52,262 [INFO ] Test F1: 0.1868
2025-04-03 15:17:42,869 [INFO ] Train F1: 0.4488
2025-04-03 15:18:32,530 [INFO ] Validation F1: 0.3214
2025-04-03 15:18:32,530 [INFO ] Test F1: 0.2150
2025-04-03 15:19:23,576 [INFO ] Train F1: 0.4500
2025-04-03 15:20:10,838 [INFO ] Validation F1: 0.2957
2025-04-03 15:20:10,838 [INFO ] Test F1: 0.1679
2025-04-03 15:21:01,608 [INFO ] Train F1: 0.4624
2025-04-03 15:21:50,119 [INFO ] Validation F1: 0.2922
2025-04-03 15:21:50,119 [INFO ] Test F1: 0.2369
2025-04-03 15:22:41,554 [INFO ] Train F1: 0.4732
2025-04-03 15:23:28,947 [INFO ] Validation F1: 0.2830
2025-04-03 15:23:28,948 [INFO ] Test F1: 0.1487
2025-04-03 15:24:20,245 [INFO ] Train F1: 0.4544
2025-04-03 15:25:08,487 [INFO ] Validation F1: 0.2836
2025-04-03 15:25:08,487 [INFO ] Test F1: 0.1905
2025-04-03 15:26:00,217 [INFO ] Train F1: 0.4751
2025-04-03 15:26:49,019 [INFO ] Validation F1: 0.2960
2025-04-03 15:26:49,019 [INFO ] Test F1: 0.1995
2025-04-03 15:27:40,644 [INFO ] Train F1: 0.4732
2025-04-03 15:28:23,896 [INFO ] Validation F1: 0.3051
2025-04-03 15:28:23,896 [INFO ] Test F1: 0.1930
2025-04-03 15:29:14,808 [INFO ] Train F1: 0.4683
2025-04-03 15:29:57,822 [INFO ] Validation F1: 0.3096
2025-04-03 15:29:57,822 [INFO ] Test F1: 0.1355
2025-04-03 15:30:48,029 [INFO ] Train F1: 0.4648
2025-04-03 15:31:32,155 [INFO ] Validation F1: 0.3013
2025-04-03 15:31:32,155 [INFO ] Test F1: 0.2197
2025-04-03 15:32:23,751 [INFO ] Train F1: 0.4727
2025-04-03 15:33:08,494 [INFO ] Validation F1: 0.2976
2025-04-03 15:33:08,494 [INFO ] Test F1: 0.1647
2025-04-03 15:33:59,870 [INFO ] Train F1: 0.4666
2025-04-03 15:34:43,880 [INFO ] Validation F1: 0.2858
2025-04-03 15:34:43,881 [INFO ] Test F1: 0.1423
2025-04-03 15:35:35,013 [INFO ] Train F1: 0.4351
2025-04-03 15:36:18,299 [INFO ] Validation F1: 0.2832
2025-04-03 15:36:18,299 [INFO ] Test F1: 0.1851
2025-04-03 15:37:09,548 [INFO ] Train F1: 0.4367
2025-04-03 15:37:54,061 [INFO ] Validation F1: 0.3161
2025-04-03 15:37:54,063 [INFO ] Test F1: 0.2343
2025-04-03 15:38:44,711 [INFO ] Train F1: 0.4641
2025-04-03 15:39:29,987 [INFO ] Validation F1: 0.3206
2025-04-03 15:39:29,987 [INFO ] Test F1: 0.2616
2025-04-03 15:40:21,444 [INFO ] Train F1: 0.4733
2025-04-03 15:41:04,734 [INFO ] Validation F1: 0.3076
2025-04-03 15:41:04,735 [INFO ] Test F1: 0.1496
2025-04-03 15:41:56,850 [INFO ] Train F1: 0.4841
2025-04-03 15:42:44,998 [INFO ] Validation F1: 0.2737
2025-04-03 15:42:44,999 [INFO ] Test F1: 0.2334
2025-04-03 15:43:36,210 [INFO ] Train F1: 0.4801
2025-04-03 15:44:25,810 [INFO ] Validation F1: 0.2621
2025-04-03 15:44:25,811 [INFO ] Test F1: 0.1553
2025-04-03 15:45:16,579 [INFO ] Train F1: 0.4703
2025-04-03 15:46:06,531 [INFO ] Validation F1: 0.2990
2025-04-03 15:46:06,531 [INFO ] Test F1: 0.1642
2025-04-03 15:46:57,243 [INFO ] Train F1: 0.4816
2025-04-03 15:47:46,872 [INFO ] Validation F1: 0.2870
2025-04-03 15:47:46,873 [INFO ] Test F1: 0.1734
2025-04-03 15:48:37,814 [INFO ] Train F1: 0.4815
2025-04-03 15:49:25,980 [INFO ] Validation F1: 0.3012
2025-04-03 15:49:25,980 [INFO ] Test F1: 0.1588
2025-04-03 15:50:17,700 [INFO ] Train F1: 0.4903
2025-04-03 15:51:06,607 [INFO ] Validation F1: 0.2967
2025-04-03 15:51:06,607 [INFO ] Test F1: 0.2474
2025-04-03 15:51:58,265 [INFO ] Train F1: 0.4846
2025-04-03 15:52:41,404 [INFO ] Validation F1: 0.3099
2025-04-03 15:52:41,405 [INFO ] Test F1: 0.1388
2025-04-03 15:53:32,894 [INFO ] Train F1: 0.4744
2025-04-03 15:54:20,398 [INFO ] Validation F1: 0.3050
2025-04-03 15:54:20,399 [INFO ] Test F1: 0.1596
2025-04-03 15:55:11,588 [INFO ] Train F1: 0.4931
2025-04-03 15:55:55,810 [INFO ] Validation F1: 0.3124
2025-04-03 15:55:55,810 [INFO ] Test F1: 0.2387
2025-04-03 15:56:47,390 [INFO ] Train F1: 0.5047
2025-04-03 15:57:30,965 [INFO ] Validation F1: 0.3037
2025-04-03 15:57:30,966 [INFO ] Test F1: 0.2291
2025-04-03 15:58:22,047 [INFO ] Train F1: 0.4919
2025-04-03 15:59:06,113 [INFO ] Validation F1: 0.2817
2025-04-03 15:59:06,113 [INFO ] Test F1: 0.1993
2025-04-03 15:59:57,446 [INFO ] Train F1: 0.4929
2025-04-03 16:00:41,310 [INFO ] Validation F1: 0.2946
2025-04-03 16:00:41,311 [INFO ] Test F1: 0.1644
2025-04-03 16:01:32,231 [INFO ] Train F1: 0.4787
2025-04-03 16:02:17,266 [INFO ] Validation F1: 0.2874
2025-04-03 16:02:17,267 [INFO ] Test F1: 0.1684
2025-04-03 16:03:08,454 [INFO ] Train F1: 0.4838
2025-04-03 16:03:54,112 [INFO ] Validation F1: 0.3063
2025-04-03 16:03:54,113 [INFO ] Test F1: 0.2444
2025-04-03 16:04:45,219 [INFO ] Train F1: 0.4870
2025-04-03 16:05:29,168 [INFO ] Validation F1: 0.3054
2025-04-03 16:05:29,168 [INFO ] Test F1: 0.1868
2025-04-03 16:06:20,639 [INFO ] Train F1: 0.4961
2025-04-03 16:07:06,230 [INFO ] Validation F1: 0.3166
2025-04-03 16:07:06,230 [INFO ] Test F1: 0.2001
2025-04-03 16:07:57,630 [INFO ] Train F1: 0.4963
2025-04-03 16:08:40,648 [INFO ] Validation F1: 0.3123
2025-04-03 16:08:40,648 [INFO ] Test F1: 0.1604
2025-04-03 18:09:51,192 [INFO ] Random seed set as 1
2025-04-03 18:09:51,192 [INFO ] Retrieving data
2025-04-03 18:09:56,768 [INFO ] Available Edge Features: ['EdgeID', 'from_id', 'to_id', 'Timestamp', 'Amount Sent', 'Sent Currency', 'Amount Received', 'Received Currency', 'Payment Format', 'Is Laundering']
2025-04-03 18:11:05,220 [INFO ] Illicit ratio = 5177 / 5078345 = 0.10%
2025-04-03 18:11:05,221 [INFO ] Number of nodes (holdings doing transcations) = 515088
2025-04-03 18:11:05,221 [INFO ] Number of transactions = 5078345
2025-04-03 18:11:05,221 [INFO ] Edge features being used: ['Timestamp', 'Amount Received', 'Received Currency', 'Payment Format']
2025-04-03 18:11:05,221 [INFO ] Node features being used: ['Feature'] ("Feature" is a placeholder feature of all 1s)
2025-04-03 18:11:05,334 [INFO ] number of days and transactions in the data: 18 days, 5078345 transactions
2025-04-03 18:11:05,391 [INFO ] Calculate split: [[0, 1, 2, 3, 4, 5], [6, 7], [8, 9, 10, 11, 12, 13, 14, 15, 16, 17]]
2025-04-03 18:11:05,398 [INFO ] Total train samples: 63.98% || IR: 0.08% || Train days: [0, 1, 2, 3, 4]
2025-04-03 18:11:05,399 [INFO ] Total val samples: 19.01% || IR: 0.11% || Val days: [6, 7]
2025-04-03 18:11:05,400 [INFO ] Total test samples: 17.01% || IR: 0.19% || Test days: [8, 9, 10, 11, 12]
2025-04-03 18:11:05,685 [INFO ] train data object: GraphData(x=[515088, 1], edge_index=[2, 3248921], edge_attr=[3248921, 4], y=[3248921], readout='edge', loss_fn='ce', num_nodes=515088, timestamps=[3248921])
2025-04-03 18:11:05,686 [INFO ] validation data object: GraphData(x=[515088, 1], edge_index=[2, 4214445], edge_attr=[4214445, 4], y=[4214445], readout='edge', loss_fn='ce', num_nodes=515088, timestamps=[4214445])
2025-04-03 18:11:05,686 [INFO ] test data object: GraphData(x=[515088, 1], edge_index=[2, 5078345], edge_attr=[5078345, 4], y=[5078345], readout='edge', loss_fn='ce', num_nodes=515088, timestamps=[5078345])
2025-04-03 18:11:05,689 [INFO ] Retrieved data in 74.50s
2025-04-03 18:11:05,689 [INFO ] Running Training
2025-04-03 18:23:47,861 [INFO ] Random seed set as 1
2025-04-03 18:23:47,861 [INFO ] Retrieving data
2025-04-03 18:23:49,694 [INFO ] Available Edge Features: ['EdgeID', 'from_id', 'to_id', 'Timestamp', 'Amount Sent', 'Sent Currency', 'Amount Received', 'Received Currency', 'Payment Format', 'Is Laundering']
2025-04-03 18:24:47,239 [INFO ] Illicit ratio = 5177 / 5078345 = 0.10%
2025-04-03 18:24:47,239 [INFO ] Number of nodes (holdings doing transcations) = 515088
2025-04-03 18:24:47,239 [INFO ] Number of transactions = 5078345
2025-04-03 18:24:47,240 [INFO ] Edge features being used: ['Timestamp', 'Amount Received', 'Received Currency', 'Payment Format']
2025-04-03 18:24:47,240 [INFO ] Node features being used: ['Feature'] ("Feature" is a placeholder feature of all 1s)
2025-04-03 18:24:47,346 [INFO ] number of days and transactions in the data: 18 days, 5078345 transactions
2025-04-03 18:24:47,402 [INFO ] Calculate split: [[0, 1, 2, 3, 4, 5], [6, 7], [8, 9, 10, 11, 12, 13, 14, 15, 16, 17]]
2025-04-03 18:24:47,410 [INFO ] Total train samples: 63.98% || IR: 0.08% || Train days: [0, 1, 2, 3, 4]
2025-04-03 18:24:47,414 [INFO ] Total val samples: 19.01% || IR: 0.11% || Val days: [6, 7]
2025-04-03 18:24:47,415 [INFO ] Total test samples: 17.01% || IR: 0.19% || Test days: [8, 9, 10, 11, 12]
2025-04-03 18:24:47,680 [INFO ] train data object: GraphData(x=[515088, 1], edge_index=[2, 3248921], edge_attr=[3248921, 4], y=[3248921], readout='edge', loss_fn='ce', num_nodes=515088, timestamps=[3248921])
2025-04-03 18:24:47,680 [INFO ] validation data object: GraphData(x=[515088, 1], edge_index=[2, 4214445], edge_attr=[4214445, 4], y=[4214445], readout='edge', loss_fn='ce', num_nodes=515088, timestamps=[4214445])
2025-04-03 18:24:47,680 [INFO ] test data object: GraphData(x=[515088, 1], edge_index=[2, 5078345], edge_attr=[5078345, 4], y=[5078345], readout='edge', loss_fn='ce', num_nodes=515088, timestamps=[5078345])
2025-04-03 18:24:47,685 [INFO ] Retrieved data in 59.82s
2025-04-03 18:24:47,685 [INFO ] Running Training
2025-04-03 18:24:47,685 [INFO ] Using device: cuda:0
2025-04-03 18:24:47,686 [INFO ] Extracted loss type: focal
2025-04-03 18:24:47,686 [INFO ] Focal loss params: alpha=[0.75, 0.25], gamma=2.0
2025-04-03 18:24:49,575 [INFO ] Initialized new model and optimizer with lr=0.006213266113989207.
2025-04-03 18:24:49,720 [INFO ] Instantiated Focal Loss (alpha=[0.75, 0.25], gamma=2.0)
2025-04-03 18:24:49,720 [INFO ] Starting training with Homogeneous Data...
2025-04-03 18:25:39,171 [INFO ] Train F1: 0.0020
2025-04-03 18:26:22,160 [INFO ] Validation F1: 0.0000
2025-04-03 18:26:22,160 [INFO ] Test F1: 0.0000
2025-04-03 18:27:12,998 [INFO ] Train F1: 0.0000
2025-04-03 18:27:56,095 [INFO ] Validation F1: 0.0000
2025-04-03 18:27:56,095 [INFO ] Test F1: 0.0000
2025-04-03 18:28:46,032 [INFO ] Train F1: 0.0000
2025-04-03 18:29:28,797 [INFO ] Validation F1: 0.0000
2025-04-03 18:29:28,797 [INFO ] Test F1: 0.0000
2025-04-03 18:30:19,283 [INFO ] Train F1: 0.0000
2025-04-03 18:30:59,993 [INFO ] Validation F1: 0.0000
2025-04-03 18:30:59,993 [INFO ] Test F1: 0.0000
2025-04-03 18:31:49,153 [INFO ] Train F1: 0.0000
2025-04-03 18:32:32,014 [INFO ] Validation F1: 0.0000
2025-04-03 18:32:32,014 [INFO ] Test F1: 0.0000
2025-04-03 18:33:22,502 [INFO ] Train F1: 0.0000
2025-04-03 18:34:04,300 [INFO ] Validation F1: 0.0000
2025-04-03 18:34:04,300 [INFO ] Test F1: 0.0000
2025-04-03 18:34:55,135 [INFO ] Train F1: 0.0000
2025-04-03 18:35:37,444 [INFO ] Validation F1: 0.0000
2025-04-03 18:35:37,444 [INFO ] Test F1: 0.0000
2025-04-03 18:36:28,050 [INFO ] Train F1: 0.0000
2025-04-03 18:37:09,726 [INFO ] Validation F1: 0.0000
2025-04-03 18:37:09,726 [INFO ] Test F1: 0.0000
2025-04-03 18:37:57,585 [INFO ] Train F1: 0.0000
2025-04-03 18:38:40,270 [INFO ] Validation F1: 0.0000
2025-04-03 18:38:40,270 [INFO ] Test F1: 0.0000
2025-04-03 18:39:29,721 [INFO ] Train F1: 0.0000
2025-04-03 18:40:11,827 [INFO ] Validation F1: 0.0000
2025-04-03 18:40:11,831 [INFO ] Test F1: 0.0000
2025-04-03 18:41:02,214 [INFO ] Train F1: 0.0000
2025-04-03 18:41:44,229 [INFO ] Validation F1: 0.0000
2025-04-03 18:41:44,231 [INFO ] Test F1: 0.0000
2025-04-03 18:42:33,751 [INFO ] Train F1: 0.0000
2025-04-03 18:43:16,174 [INFO ] Validation F1: 0.0000
2025-04-03 18:43:16,174 [INFO ] Test F1: 0.0000
2025-04-03 18:44:07,591 [INFO ] Train F1: 0.0000
2025-04-03 18:44:49,681 [INFO ] Validation F1: 0.0000
2025-04-03 18:44:49,681 [INFO ] Test F1: 0.0012
2025-04-03 18:45:39,273 [INFO ] Train F1: 0.0024
2025-04-03 18:46:22,303 [INFO ] Validation F1: 0.0000
2025-04-03 18:46:22,303 [INFO ] Test F1: 0.0000
2025-04-03 18:47:13,031 [INFO ] Train F1: 0.0133
2025-04-03 18:47:54,890 [INFO ] Validation F1: 0.0058
2025-04-03 18:47:54,890 [INFO ] Test F1: 0.0000
2025-04-03 18:48:44,084 [INFO ] Train F1: 0.0723
2025-04-03 18:49:26,396 [INFO ] Validation F1: 0.0019
2025-04-03 18:49:26,396 [INFO ] Test F1: 0.0062
2025-04-03 18:50:15,532 [INFO ] Train F1: 0.0571
2025-04-03 18:50:58,216 [INFO ] Validation F1: 0.0000
2025-04-03 18:50:58,216 [INFO ] Test F1: 0.0025
2025-04-03 18:51:48,708 [INFO ] Train F1: 0.0386
2025-04-03 18:52:31,950 [INFO ] Validation F1: 0.0172
2025-04-03 18:52:31,950 [INFO ] Test F1: 0.0232
2025-04-03 18:53:21,972 [INFO ] Train F1: 0.0522
2025-04-03 18:54:04,963 [INFO ] Validation F1: 0.1157
2025-04-03 18:54:04,963 [INFO ] Test F1: 0.1334
2025-04-03 18:54:54,870 [INFO ] Train F1: 0.1559
2025-04-03 18:55:37,577 [INFO ] Validation F1: 0.0039
2025-04-03 18:55:37,577 [INFO ] Test F1: 0.0303
2025-04-03 18:56:27,566 [INFO ] Train F1: 0.1064
2025-04-03 18:57:09,658 [INFO ] Validation F1: 0.0683
2025-04-03 18:57:09,659 [INFO ] Test F1: 0.0529
2025-04-03 18:57:57,896 [INFO ] Train F1: 0.1730
2025-04-03 18:58:40,640 [INFO ] Validation F1: 0.0859
2025-04-03 18:58:40,640 [INFO ] Test F1: 0.0875
2025-04-03 18:59:29,603 [INFO ] Train F1: 0.1853
2025-04-03 19:00:12,533 [INFO ] Validation F1: 0.1405
2025-04-03 19:00:12,534 [INFO ] Test F1: 0.0988
2025-04-03 19:01:18,120 [INFO ] Train F1: 0.1862
2025-04-03 19:02:03,952 [INFO ] Validation F1: 0.2158
2025-04-03 19:02:03,952 [INFO ] Test F1: 0.2245
2025-04-03 19:03:13,295 [INFO ] Train F1: 0.1949
2025-04-03 19:03:59,332 [INFO ] Validation F1: 0.1699
2025-04-03 19:03:59,332 [INFO ] Test F1: 0.2189
2025-04-03 19:05:07,212 [INFO ] Train F1: 0.1854
2025-04-03 19:05:53,504 [INFO ] Validation F1: 0.1659
2025-04-03 19:05:53,504 [INFO ] Test F1: 0.3848
2025-04-03 19:06:51,885 [INFO ] Train F1: 0.2179
2025-04-03 19:07:32,779 [INFO ] Validation F1: 0.1576
2025-04-03 19:07:32,779 [INFO ] Test F1: 0.1673
2025-04-03 19:08:19,845 [INFO ] Train F1: 0.2001
2025-04-03 19:08:59,949 [INFO ] Validation F1: 0.2746
2025-04-03 19:08:59,949 [INFO ] Test F1: 0.3566
2025-04-03 19:09:48,140 [INFO ] Train F1: 0.2273
2025-04-03 19:10:29,139 [INFO ] Validation F1: 0.1970
2025-04-03 19:10:29,139 [INFO ] Test F1: 0.2338
2025-04-03 19:11:19,394 [INFO ] Train F1: 0.2202
2025-04-03 19:12:02,019 [INFO ] Validation F1: 0.2251
2025-04-03 19:12:02,019 [INFO ] Test F1: 0.3616
2025-04-03 19:12:52,921 [INFO ] Train F1: 0.2354
2025-04-03 19:13:35,384 [INFO ] Validation F1: 0.2706
2025-04-03 19:13:35,385 [INFO ] Test F1: 0.3503
2025-04-03 19:14:25,271 [INFO ] Train F1: 0.2556
2025-04-03 19:15:08,109 [INFO ] Validation F1: 0.2038
2025-04-03 19:15:08,109 [INFO ] Test F1: 0.2623
2025-04-03 19:15:59,271 [INFO ] Train F1: 0.2661
2025-04-03 19:16:41,909 [INFO ] Validation F1: 0.0817
2025-04-03 19:16:41,909 [INFO ] Test F1: 0.1317
2025-04-03 19:17:32,260 [INFO ] Train F1: 0.2380
2025-04-03 19:18:14,209 [INFO ] Validation F1: 0.1434
2025-04-03 19:18:14,209 [INFO ] Test F1: 0.2039
2025-04-03 19:19:04,971 [INFO ] Train F1: 0.2598
2025-04-03 19:19:47,404 [INFO ] Validation F1: 0.1870
2025-04-03 19:19:47,405 [INFO ] Test F1: 0.1944
2025-04-03 19:20:37,577 [INFO ] Train F1: 0.2571
2025-04-03 19:21:20,010 [INFO ] Validation F1: 0.2480
2025-04-03 19:21:20,010 [INFO ] Test F1: 0.4211
2025-04-03 19:22:11,066 [INFO ] Train F1: 0.2617
2025-04-03 19:22:53,798 [INFO ] Validation F1: 0.1749
2025-04-03 19:22:53,798 [INFO ] Test F1: 0.3037
2025-04-03 19:23:44,490 [INFO ] Train F1: 0.2804
2025-04-03 19:24:26,713 [INFO ] Validation F1: 0.2474
2025-04-03 19:24:26,714 [INFO ] Test F1: 0.3221
2025-04-03 19:25:16,297 [INFO ] Train F1: 0.2659
2025-04-03 19:25:58,826 [INFO ] Validation F1: 0.2343
2025-04-03 19:25:58,826 [INFO ] Test F1: 0.3835
2025-04-03 19:26:49,654 [INFO ] Train F1: 0.2564
2025-04-03 19:27:32,353 [INFO ] Validation F1: 0.2393
2025-04-03 19:27:32,353 [INFO ] Test F1: 0.3087
2025-04-03 19:28:21,275 [INFO ] Train F1: 0.2693
2025-04-03 19:29:02,324 [INFO ] Validation F1: 0.3060
2025-04-03 19:29:02,324 [INFO ] Test F1: 0.3654
2025-04-03 19:29:55,456 [INFO ] Train F1: 0.2572
2025-04-03 19:30:41,323 [INFO ] Validation F1: 0.3048
2025-04-03 19:30:41,323 [INFO ] Test F1: 0.2939
2025-04-03 19:31:47,974 [INFO ] Train F1: 0.2573
2025-04-03 19:32:32,789 [INFO ] Validation F1: 0.1901
2025-04-03 19:32:32,789 [INFO ] Test F1: 0.3058
2025-04-03 19:33:43,892 [INFO ] Train F1: 0.2833
2025-04-03 19:34:28,577 [INFO ] Validation F1: 0.2804
2025-04-03 19:34:28,579 [INFO ] Test F1: 0.3126
2025-04-03 19:35:37,488 [INFO ] Train F1: 0.2691
2025-04-03 19:36:24,792 [INFO ] Validation F1: 0.2082
2025-04-03 19:36:24,793 [INFO ] Test F1: 0.3075
2025-04-03 19:37:15,942 [INFO ] Train F1: 0.3086
2025-04-03 19:37:56,714 [INFO ] Validation F1: 0.2566
2025-04-03 19:37:56,714 [INFO ] Test F1: 0.3604
2025-04-03 19:38:49,235 [INFO ] Train F1: 0.3138
2025-04-03 19:39:31,739 [INFO ] Validation F1: 0.2588
2025-04-03 19:39:31,740 [INFO ] Test F1: 0.2624
2025-04-03 19:40:35,319 [INFO ] Train F1: 0.2691
2025-04-03 19:41:20,312 [INFO ] Validation F1: 0.2909
2025-04-03 19:41:20,312 [INFO ] Test F1: 0.3454
2025-04-03 19:42:24,927 [INFO ] Train F1: 0.2951
2025-04-03 19:43:09,607 [INFO ] Validation F1: 0.2153
2025-04-03 19:43:09,608 [INFO ] Test F1: 0.3109
2025-04-03 19:44:00,490 [INFO ] Train F1: 0.2757
2025-04-03 19:44:56,783 [INFO ] Validation F1: 0.2110
2025-04-03 19:44:56,783 [INFO ] Test F1: 0.2472
2025-04-03 19:46:10,670 [INFO ] Train F1: 0.2882
2025-04-03 19:46:55,650 [INFO ] Validation F1: 0.2053
2025-04-03 19:46:55,650 [INFO ] Test F1: 0.3346
2025-04-03 19:48:04,075 [INFO ] Train F1: 0.3044
2025-04-03 19:48:50,736 [INFO ] Validation F1: 0.2648
2025-04-03 19:48:50,737 [INFO ] Test F1: 0.2595
2025-04-03 19:49:50,723 [INFO ] Train F1: 0.2941
2025-04-03 19:50:38,960 [INFO ] Validation F1: 0.2480
2025-04-03 19:50:38,961 [INFO ] Test F1: 0.3246
2025-04-03 19:51:48,587 [INFO ] Train F1: 0.3074
2025-04-03 19:52:36,071 [INFO ] Validation F1: 0.2072
2025-04-03 19:52:36,071 [INFO ] Test F1: 0.2494
2025-04-03 19:53:48,572 [INFO ] Train F1: 0.2732
2025-04-03 19:54:36,187 [INFO ] Validation F1: 0.2329
2025-04-03 19:54:36,187 [INFO ] Test F1: 0.3143
2025-04-03 19:55:48,413 [INFO ] Train F1: 0.2765
2025-04-03 19:56:35,043 [INFO ] Validation F1: 0.2290
2025-04-03 19:56:35,043 [INFO ] Test F1: 0.3077
2025-04-03 19:57:48,693 [INFO ] Train F1: 0.3010
2025-04-03 19:58:38,149 [INFO ] Validation F1: 0.2484
2025-04-03 19:58:38,149 [INFO ] Test F1: 0.2891
2025-04-03 19:59:28,437 [INFO ] Train F1: 0.2893
2025-04-03 20:00:09,204 [INFO ] Validation F1: 0.2257
2025-04-03 20:00:09,205 [INFO ] Test F1: 0.2811
2025-04-03 20:00:57,172 [INFO ] Train F1: 0.3024
2025-04-03 20:01:38,372 [INFO ] Validation F1: 0.2355
2025-04-03 20:01:38,372 [INFO ] Test F1: 0.2736
2025-04-03 20:02:27,163 [INFO ] Train F1: 0.3161
2025-04-03 20:03:10,305 [INFO ] Validation F1: 0.3056
2025-04-03 20:03:10,305 [INFO ] Test F1: 0.3640
2025-04-03 20:04:23,140 [INFO ] Train F1: 0.3329
2025-04-03 20:05:09,405 [INFO ] Validation F1: 0.1902
2025-04-03 20:05:09,406 [INFO ] Test F1: 0.2696
2025-04-03 20:06:21,130 [INFO ] Train F1: 0.3303
2025-04-03 20:07:07,297 [INFO ] Validation F1: 0.3191
2025-04-03 20:07:07,297 [INFO ] Test F1: 0.3451
2025-04-03 20:08:16,598 [INFO ] Train F1: 0.3380
2025-04-03 20:09:00,587 [INFO ] Validation F1: 0.2628
2025-04-03 20:09:00,587 [INFO ] Test F1: 0.2835
2025-04-03 20:10:10,818 [INFO ] Train F1: 0.3104
2025-04-03 20:10:56,750 [INFO ] Validation F1: 0.2744
2025-04-03 20:10:56,750 [INFO ] Test F1: 0.3338
2025-04-03 20:12:09,823 [INFO ] Train F1: 0.3301
2025-04-03 20:12:55,991 [INFO ] Validation F1: 0.3095
2025-04-03 20:12:55,991 [INFO ] Test F1: 0.3071
2025-04-03 20:14:06,793 [INFO ] Train F1: 0.3223
2025-04-03 20:14:52,406 [INFO ] Validation F1: 0.3163
2025-04-03 20:14:52,406 [INFO ] Test F1: 0.3305
2025-04-03 20:16:03,909 [INFO ] Train F1: 0.3261
2025-04-03 20:16:49,896 [INFO ] Validation F1: 0.2902
2025-04-03 20:16:49,897 [INFO ] Test F1: 0.2997
2025-04-03 20:17:54,250 [INFO ] Train F1: 0.3070
2025-04-03 20:18:34,587 [INFO ] Validation F1: 0.1882
2025-04-03 20:18:34,587 [INFO ] Test F1: 0.1448
2025-04-03 20:19:31,696 [INFO ] Train F1: 0.2059
2025-04-03 20:20:17,536 [INFO ] Validation F1: 0.2603
2025-04-03 20:20:17,537 [INFO ] Test F1: 0.2981
2025-04-03 20:21:23,345 [INFO ] Train F1: 0.2833
2025-04-03 20:22:08,101 [INFO ] Validation F1: 0.2585
2025-04-03 20:22:08,101 [INFO ] Test F1: 0.2793
2025-04-03 20:23:13,533 [INFO ] Train F1: 0.3173
2025-04-03 20:23:57,218 [INFO ] Validation F1: 0.2512
2025-04-03 20:23:57,218 [INFO ] Test F1: 0.3312
2025-04-03 20:25:05,322 [INFO ] Train F1: 0.3351
2025-04-03 20:25:50,384 [INFO ] Validation F1: 0.2329
2025-04-03 20:25:50,384 [INFO ] Test F1: 0.2910
2025-04-03 20:26:43,672 [INFO ] Train F1: 0.3095
2025-04-03 20:27:23,790 [INFO ] Validation F1: 0.2230
2025-04-03 20:27:23,790 [INFO ] Test F1: 0.1711
2025-04-03 20:28:20,324 [INFO ] Train F1: 0.3104
2025-04-03 20:29:04,992 [INFO ] Validation F1: 0.1973
2025-04-03 20:29:04,993 [INFO ] Test F1: 0.2371
2025-04-03 20:30:14,820 [INFO ] Train F1: 0.3417
2025-04-03 20:30:59,947 [INFO ] Validation F1: 0.3425
2025-04-03 20:30:59,947 [INFO ] Test F1: 0.2922
2025-04-03 20:32:08,585 [INFO ] Train F1: 0.3594
2025-04-03 20:32:54,350 [INFO ] Validation F1: 0.2590
2025-04-03 20:32:54,350 [INFO ] Test F1: 0.2122
2025-04-03 20:34:04,072 [INFO ] Train F1: 0.3560
2025-04-03 20:34:49,267 [INFO ] Validation F1: 0.3262
2025-04-03 20:34:49,268 [INFO ] Test F1: 0.3664
2025-04-03 20:35:56,197 [INFO ] Train F1: 0.3107
2025-04-03 20:36:41,800 [INFO ] Validation F1: 0.2837
2025-04-03 20:36:41,801 [INFO ] Test F1: 0.3540
2025-04-03 20:37:40,213 [INFO ] Train F1: 0.2788
2025-04-03 20:38:19,857 [INFO ] Validation F1: 0.2192
2025-04-03 20:38:19,857 [INFO ] Test F1: 0.2529
2025-04-03 20:39:06,565 [INFO ] Train F1: 0.3463
2025-04-03 20:39:46,480 [INFO ] Validation F1: 0.2613
2025-04-03 20:39:46,480 [INFO ] Test F1: 0.2584
2025-04-03 20:40:33,149 [INFO ] Train F1: 0.3230
2025-04-03 20:41:12,986 [INFO ] Validation F1: 0.3026
2025-04-03 20:41:12,987 [INFO ] Test F1: 0.2915
2025-04-03 20:41:59,601 [INFO ] Train F1: 0.3294
2025-04-03 20:42:39,433 [INFO ] Validation F1: 0.3202
2025-04-03 20:42:39,434 [INFO ] Test F1: 0.3630
2025-04-03 20:43:26,146 [INFO ] Train F1: 0.3395
2025-04-03 20:44:06,069 [INFO ] Validation F1: 0.2416
2025-04-03 20:44:06,070 [INFO ] Test F1: 0.3382
2025-04-03 20:44:52,518 [INFO ] Train F1: 0.3370
2025-04-03 20:45:32,309 [INFO ] Validation F1: 0.2957
2025-04-03 20:45:32,309 [INFO ] Test F1: 0.3386
2025-04-03 20:46:18,752 [INFO ] Train F1: 0.3329
2025-04-03 20:46:58,524 [INFO ] Validation F1: 0.2577
2025-04-03 20:46:58,524 [INFO ] Test F1: 0.3284
2025-04-03 20:47:45,177 [INFO ] Train F1: 0.3277
2025-04-03 20:48:24,980 [INFO ] Validation F1: 0.2636
2025-04-03 20:48:24,980 [INFO ] Test F1: 0.2853
2025-04-03 20:49:11,592 [INFO ] Train F1: 0.3140
2025-04-03 20:49:51,536 [INFO ] Validation F1: 0.2548
2025-04-03 20:49:51,536 [INFO ] Test F1: 0.2969
2025-04-03 20:50:38,216 [INFO ] Train F1: 0.3378
2025-04-03 20:51:18,116 [INFO ] Validation F1: 0.3166
2025-04-03 20:51:18,116 [INFO ] Test F1: 0.3278
2025-04-03 20:52:04,687 [INFO ] Train F1: 0.3418
2025-04-03 20:52:44,351 [INFO ] Validation F1: 0.2273
2025-04-03 20:52:44,351 [INFO ] Test F1: 0.3001
2025-04-03 20:53:30,851 [INFO ] Train F1: 0.3152
2025-04-03 20:54:10,457 [INFO ] Validation F1: 0.2913
2025-04-03 20:54:10,457 [INFO ] Test F1: 0.3131
2025-04-03 20:54:57,207 [INFO ] Train F1: 0.3541
2025-04-03 20:55:37,092 [INFO ] Validation F1: 0.2648
2025-04-03 20:55:37,092 [INFO ] Test F1: 0.3493
2025-04-03 20:56:55,526 [INFO ] Train F1: 0.3553
2025-04-03 20:57:39,879 [INFO ] Validation F1: 0.2574
2025-04-03 20:57:39,880 [INFO ] Test F1: 0.2800
2025-04-03 20:58:47,205 [INFO ] Train F1: 0.3405
2025-04-03 20:59:32,396 [INFO ] Validation F1: 0.2736
2025-04-03 20:59:32,396 [INFO ] Test F1: 0.3401
2025-04-03 21:00:35,795 [INFO ] Train F1: 0.3211
2025-04-03 21:01:19,523 [INFO ] Validation F1: 0.2405
2025-04-03 21:01:19,524 [INFO ] Test F1: 0.2349
2025-04-03 21:02:26,564 [INFO ] Train F1: 0.3403
2025-04-03 21:03:11,473 [INFO ] Validation F1: 0.2554
2025-04-03 21:03:11,473 [INFO ] Test F1: 0.2473
2025-04-03 21:04:19,089 [INFO ] Train F1: 0.3395
2025-04-03 21:05:03,895 [INFO ] Validation F1: 0.2215
2025-04-03 21:05:03,895 [INFO ] Test F1: 0.2891
2025-04-03 21:06:04,781 [INFO ] Train F1: 0.3361
2025-04-03 21:06:48,975 [INFO ] Validation F1: 0.2750
2025-04-03 21:06:48,975 [INFO ] Test F1: 0.3389
2025-04-03 21:08:00,147 [INFO ] Train F1: 0.3267
2025-04-03 21:08:45,172 [INFO ] Validation F1: 0.2488
2025-04-03 21:08:45,173 [INFO ] Test F1: 0.1954
2025-04-03 21:09:53,930 [INFO ] Train F1: 0.3265
2025-04-03 21:10:39,086 [INFO ] Validation F1: 0.2613
2025-04-03 21:10:39,086 [INFO ] Test F1: 0.2815
2025-04-03 21:11:51,557 [INFO ] Train F1: 0.3146
2025-04-03 21:12:36,525 [INFO ] Validation F1: 0.2160
2025-04-03 21:12:36,526 [INFO ] Test F1: 0.2960
2025-04-03 21:12:36,526 [INFO ] Training finished.
2025-04-03 21:12:37,421 [INFO ] Wandb run finished.
2025-04-03 21:27:58,160 [INFO ] Random seed set as 1
2025-04-03 21:27:58,160 [INFO ] Retrieving data
2025-04-03 21:28:00,055 [INFO ] Available Edge Features: ['EdgeID', 'from_id', 'to_id', 'Timestamp', 'Amount Sent', 'Sent Currency', 'Amount Received', 'Received Currency', 'Payment Format', 'Is Laundering']
2025-04-03 21:28:29,187 [INFO ] Illicit ratio = 5177 / 5078345 = 0.10%
2025-04-03 21:28:29,187 [INFO ] Number of nodes (holdings doing transcations) = 515088
2025-04-03 21:28:29,187 [INFO ] Number of transactions = 5078345
2025-04-03 21:28:29,187 [INFO ] Edge features being used: ['Timestamp', 'Amount Received', 'Received Currency', 'Payment Format']
2025-04-03 21:28:29,187 [INFO ] Node features being used: ['Feature'] ("Feature" is a placeholder feature of all 1s)
2025-04-03 21:28:29,313 [INFO ] number of days and transactions in the data: 18 days, 5078345 transactions
2025-04-03 21:28:29,379 [INFO ] Calculate split: [[0, 1, 2, 3, 4, 5], [6, 7], [8, 9, 10, 11, 12, 13, 14, 15, 16, 17]]
2025-04-03 21:28:29,389 [INFO ] Total train samples: 63.98% || IR: 0.08% || Train days: [0, 1, 2, 3, 4]
2025-04-03 21:28:29,391 [INFO ] Total val samples: 19.01% || IR: 0.11% || Val days: [6, 7]
2025-04-03 21:28:29,392 [INFO ] Total test samples: 17.01% || IR: 0.19% || Test days: [8, 9, 10, 11, 12]
2025-04-03 21:28:29,659 [INFO ] train data object: GraphData(x=[515088, 1], edge_index=[2, 3248921], edge_attr=[3248921, 4], y=[3248921], readout='edge', loss_fn='ce', num_nodes=515088, timestamps=[3248921])
2025-04-03 21:28:29,659 [INFO ] validation data object: GraphData(x=[515088, 1], edge_index=[2, 4214445], edge_attr=[4214445, 4], y=[4214445], readout='edge', loss_fn='ce', num_nodes=515088, timestamps=[4214445])
2025-04-03 21:28:29,659 [INFO ] test data object: GraphData(x=[515088, 1], edge_index=[2, 5078345], edge_attr=[5078345, 4], y=[5078345], readout='edge', loss_fn='ce', num_nodes=515088, timestamps=[5078345])
2025-04-03 21:28:29,664 [INFO ] Retrieved data in 31.50s
2025-04-03 21:28:29,664 [INFO ] Running Training
2025-04-03 21:28:29,664 [INFO ] Using device: cuda:0
2025-04-03 21:28:29,665 [INFO ] Extracted loss type: focal
2025-04-03 21:28:29,665 [INFO ] Focal loss params: alpha=[0.75, 0.25], gamma=2.0
2025-04-03 21:28:31,418 [INFO ] Initialized new model and optimizer with lr=0.0006116418195373612.
2025-04-03 21:28:31,597 [INFO ] Instantiated Focal Loss (alpha=[0.75, 0.25], gamma=2.0)
2025-04-03 21:28:31,597 [INFO ] Starting training with Homogeneous Data...
2025-04-03 21:29:52,542 [INFO ] Train F1: 0.0014
2025-04-03 21:30:39,594 [INFO ] Validation F1: 0.0000
2025-04-03 21:30:39,594 [INFO ] Test F1: 0.0000
2025-04-03 21:31:58,927 [INFO ] Train F1: 0.0000
2025-04-03 21:32:45,858 [INFO ] Validation F1: 0.0000
2025-04-03 21:32:45,858 [INFO ] Test F1: 0.0000
2025-04-03 21:34:04,114 [INFO ] Train F1: 0.0000
2025-04-03 21:34:51,213 [INFO ] Validation F1: 0.0000
2025-04-03 21:34:51,213 [INFO ] Test F1: 0.0000
2025-04-03 21:36:09,675 [INFO ] Train F1: 0.0000
2025-04-03 21:36:57,493 [INFO ] Validation F1: 0.0019
2025-04-03 21:36:57,493 [INFO ] Test F1: 0.0000
2025-04-03 21:38:14,058 [INFO ] Train F1: 0.0000
2025-04-03 21:39:01,438 [INFO ] Validation F1: 0.0000
2025-04-03 21:39:01,439 [INFO ] Test F1: 0.0012
2025-04-03 21:40:18,092 [INFO ] Train F1: 0.0000
2025-04-03 21:41:05,794 [INFO ] Validation F1: 0.0019
2025-04-03 21:41:05,794 [INFO ] Test F1: 0.0012
2025-04-03 21:42:21,989 [INFO ] Train F1: 0.0008
2025-04-03 21:43:09,802 [INFO ] Validation F1: 0.0000
2025-04-03 21:43:09,802 [INFO ] Test F1: 0.0111
2025-04-03 21:44:26,669 [INFO ] Train F1: 0.0211
2025-04-03 21:45:14,431 [INFO ] Validation F1: 0.0846
2025-04-03 21:45:14,431 [INFO ] Test F1: 0.0955
2025-04-03 21:46:30,283 [INFO ] Train F1: 0.0566
2025-04-03 21:47:18,911 [INFO ] Validation F1: 0.1311
2025-04-03 21:47:18,912 [INFO ] Test F1: 0.1462
2025-04-03 21:48:33,734 [INFO ] Train F1: 0.0993
2025-04-03 21:49:22,331 [INFO ] Validation F1: 0.2101
2025-04-03 21:49:22,331 [INFO ] Test F1: 0.1966
2025-04-03 21:50:37,339 [INFO ] Train F1: 0.1392
2025-04-03 21:51:25,926 [INFO ] Validation F1: 0.1374
2025-04-03 21:51:25,926 [INFO ] Test F1: 0.1249
2025-04-03 21:52:40,748 [INFO ] Train F1: 0.1556
2025-04-03 21:53:29,517 [INFO ] Validation F1: 0.3038
2025-04-03 21:53:29,517 [INFO ] Test F1: 0.3171
2025-04-03 21:54:44,346 [INFO ] Train F1: 0.2028
2025-04-03 21:55:32,901 [INFO ] Validation F1: 0.2441
2025-04-03 21:55:32,901 [INFO ] Test F1: 0.2148
2025-04-03 21:56:49,270 [INFO ] Train F1: 0.2260
2025-04-03 21:57:36,917 [INFO ] Validation F1: 0.2881
2025-04-03 21:57:36,917 [INFO ] Test F1: 0.2677
2025-04-03 21:58:53,722 [INFO ] Train F1: 0.2417
2025-04-03 21:59:41,453 [INFO ] Validation F1: 0.2577
2025-04-03 21:59:41,454 [INFO ] Test F1: 0.2398
2025-04-03 22:00:57,916 [INFO ] Train F1: 0.2538
2025-04-03 22:01:45,455 [INFO ] Validation F1: 0.2996
2025-04-03 22:01:45,456 [INFO ] Test F1: 0.2888
2025-04-03 22:03:01,966 [INFO ] Train F1: 0.2901
2025-04-03 22:03:50,077 [INFO ] Validation F1: 0.3724
2025-04-03 22:03:50,077 [INFO ] Test F1: 0.3577
2025-04-03 22:05:06,775 [INFO ] Train F1: 0.3050
2025-04-03 22:05:54,709 [INFO ] Validation F1: 0.3474
2025-04-03 22:05:54,709 [INFO ] Test F1: 0.3605
2025-04-03 22:07:11,103 [INFO ] Train F1: 0.3191
2025-04-03 22:07:59,782 [INFO ] Validation F1: 0.3898
2025-04-03 22:07:59,782 [INFO ] Test F1: 0.4032
2025-04-03 22:09:14,646 [INFO ] Train F1: 0.3265
2025-04-03 22:10:03,195 [INFO ] Validation F1: 0.4135
2025-04-03 22:10:03,196 [INFO ] Test F1: 0.4230
2025-04-03 22:11:17,917 [INFO ] Train F1: 0.3473
2025-04-03 22:12:06,772 [INFO ] Validation F1: 0.3423
2025-04-03 22:12:06,773 [INFO ] Test F1: 0.3705
2025-04-03 22:13:21,625 [INFO ] Train F1: 0.3625
2025-04-03 22:14:09,953 [INFO ] Validation F1: 0.4003
2025-04-03 22:14:09,953 [INFO ] Test F1: 0.4189
2025-04-03 22:15:24,720 [INFO ] Train F1: 0.3602
2025-04-03 22:16:13,394 [INFO ] Validation F1: 0.4189
2025-04-03 22:16:13,394 [INFO ] Test F1: 0.4140
2025-04-03 22:17:28,110 [INFO ] Train F1: 0.3815
2025-04-03 22:18:16,878 [INFO ] Validation F1: 0.4230
2025-04-03 22:18:16,878 [INFO ] Test F1: 0.4352
2025-04-03 22:19:31,581 [INFO ] Train F1: 0.3938
2025-04-03 22:20:20,215 [INFO ] Validation F1: 0.4805
2025-04-03 22:20:20,215 [INFO ] Test F1: 0.5078
2025-04-03 22:21:35,043 [INFO ] Train F1: 0.3733
2025-04-03 22:22:23,612 [INFO ] Validation F1: 0.4254
2025-04-03 22:22:23,613 [INFO ] Test F1: 0.4214
2025-04-03 22:23:38,448 [INFO ] Train F1: 0.4071
2025-04-03 22:24:27,130 [INFO ] Validation F1: 0.4200
2025-04-03 22:24:27,130 [INFO ] Test F1: 0.4250
2025-04-03 22:25:41,893 [INFO ] Train F1: 0.4002
2025-04-03 22:26:30,538 [INFO ] Validation F1: 0.4713
2025-04-03 22:26:30,539 [INFO ] Test F1: 0.4870
2025-04-03 22:27:45,207 [INFO ] Train F1: 0.4174
2025-04-03 22:28:33,924 [INFO ] Validation F1: 0.4296
2025-04-03 22:28:33,924 [INFO ] Test F1: 0.4381
2025-04-03 22:29:48,658 [INFO ] Train F1: 0.4189
2025-04-03 22:30:37,250 [INFO ] Validation F1: 0.4361
2025-04-03 22:30:37,251 [INFO ] Test F1: 0.4341
2025-04-03 22:31:52,028 [INFO ] Train F1: 0.4294
2025-04-03 22:32:40,511 [INFO ] Validation F1: 0.4621
2025-04-03 22:32:40,511 [INFO ] Test F1: 0.4641
2025-04-03 22:33:55,202 [INFO ] Train F1: 0.4109
2025-04-03 22:34:43,508 [INFO ] Validation F1: 0.4906
2025-04-03 22:34:43,509 [INFO ] Test F1: 0.4854
2025-04-03 22:35:58,427 [INFO ] Train F1: 0.4402
2025-04-03 22:36:47,133 [INFO ] Validation F1: 0.4785
2025-04-03 22:36:47,133 [INFO ] Test F1: 0.4718
2025-04-03 22:38:01,957 [INFO ] Train F1: 0.4334
2025-04-03 22:38:50,682 [INFO ] Validation F1: 0.4394
2025-04-03 22:38:50,682 [INFO ] Test F1: 0.4302
2025-04-03 22:40:05,519 [INFO ] Train F1: 0.4270
2025-04-03 22:40:54,038 [INFO ] Validation F1: 0.4621
2025-04-03 22:40:54,039 [INFO ] Test F1: 0.4754
2025-04-03 22:42:08,777 [INFO ] Train F1: 0.4470
2025-04-03 22:42:57,349 [INFO ] Validation F1: 0.4337
2025-04-03 22:42:57,349 [INFO ] Test F1: 0.4540
2025-04-03 22:44:12,286 [INFO ] Train F1: 0.4494
2025-04-03 22:45:00,969 [INFO ] Validation F1: 0.4704
2025-04-03 22:45:00,970 [INFO ] Test F1: 0.4776
2025-04-03 22:46:15,756 [INFO ] Train F1: 0.4408
2025-04-03 22:47:04,219 [INFO ] Validation F1: 0.4283
2025-04-03 22:47:04,219 [INFO ] Test F1: 0.4573
2025-04-03 22:48:18,952 [INFO ] Train F1: 0.4553
2025-04-03 22:49:07,689 [INFO ] Validation F1: 0.3988
2025-04-03 22:49:07,690 [INFO ] Test F1: 0.3994
2025-04-03 22:50:22,524 [INFO ] Train F1: 0.4646
2025-04-03 22:51:11,018 [INFO ] Validation F1: 0.4018
2025-04-03 22:51:11,019 [INFO ] Test F1: 0.4165
2025-04-03 22:52:25,935 [INFO ] Train F1: 0.4478
2025-04-03 22:53:13,030 [INFO ] Validation F1: 0.4340
2025-04-03 22:53:13,030 [INFO ] Test F1: 0.4644
2025-04-03 22:54:30,746 [INFO ] Train F1: 0.4485
2025-04-03 22:55:17,718 [INFO ] Validation F1: 0.4616
2025-04-03 22:55:17,718 [INFO ] Test F1: 0.4506
2025-04-03 22:56:35,621 [INFO ] Train F1: 0.4559
2025-04-03 22:57:22,882 [INFO ] Validation F1: 0.4906
2025-04-03 22:57:22,882 [INFO ] Test F1: 0.4781
2025-04-03 22:58:40,620 [INFO ] Train F1: 0.4584
2025-04-03 22:59:27,697 [INFO ] Validation F1: 0.4453
2025-04-03 22:59:27,697 [INFO ] Test F1: 0.4730
2025-04-03 23:00:45,036 [INFO ] Train F1: 0.4610
2025-04-03 23:01:32,254 [INFO ] Validation F1: 0.4373
2025-04-03 23:01:32,254 [INFO ] Test F1: 0.4890
2025-04-03 23:02:49,926 [INFO ] Train F1: 0.4703
2025-04-03 23:03:36,247 [INFO ] Validation F1: 0.4575
2025-04-03 23:03:36,247 [INFO ] Test F1: 0.4813
2025-04-03 23:05:05,679 [INFO ] Train F1: 0.4707
2025-04-03 23:05:56,500 [INFO ] Validation F1: 0.4430
2025-04-03 23:05:56,500 [INFO ] Test F1: 0.4600
2025-04-03 23:08:59,863 [INFO ] Train F1: 0.4654
2025-04-03 23:09:48,921 [INFO ] Validation F1: 0.4655
2025-04-03 23:09:48,922 [INFO ] Test F1: 0.5338
2025-04-03 23:12:46,811 [INFO ] Train F1: 0.4739
2025-04-03 23:13:43,167 [INFO ] Validation F1: 0.4901
2025-04-03 23:13:43,167 [INFO ] Test F1: 0.5285
2025-04-03 23:16:15,776 [INFO ] Train F1: 0.4728
2025-04-03 23:17:09,821 [INFO ] Validation F1: 0.4045
2025-04-03 23:17:09,821 [INFO ] Test F1: 0.4224
2025-04-03 23:19:58,011 [INFO ] Train F1: 0.4576
2025-04-03 23:20:53,009 [INFO ] Validation F1: 0.4493
2025-04-03 23:20:53,010 [INFO ] Test F1: 0.5000
2025-04-03 23:23:50,280 [INFO ] Train F1: 0.4620
2025-04-03 23:24:42,136 [INFO ] Validation F1: 0.3831
2025-04-03 23:24:42,137 [INFO ] Test F1: 0.4521
2025-04-03 23:26:48,409 [INFO ] Train F1: 0.4667
2025-04-03 23:27:31,947 [INFO ] Validation F1: 0.4794
2025-04-03 23:27:31,947 [INFO ] Test F1: 0.5102
2025-04-03 23:29:42,012 [INFO ] Train F1: 0.4804
2025-04-03 23:30:36,060 [INFO ] Validation F1: 0.4894
2025-04-03 23:30:36,061 [INFO ] Test F1: 0.5130
2025-04-03 23:33:20,050 [INFO ] Train F1: 0.4832
2025-04-03 23:34:14,912 [INFO ] Validation F1: 0.4697
2025-04-03 23:34:14,912 [INFO ] Test F1: 0.5299
2025-04-03 23:36:07,829 [INFO ] Train F1: 0.4891
2025-04-03 23:36:53,790 [INFO ] Validation F1: 0.4585
2025-04-03 23:36:53,791 [INFO ] Test F1: 0.5004
2025-04-03 23:38:16,494 [INFO ] Train F1: 0.4881
2025-04-03 23:39:00,720 [INFO ] Validation F1: 0.4769
2025-04-03 23:39:00,720 [INFO ] Test F1: 0.5365
2025-04-03 23:40:21,371 [INFO ] Train F1: 0.4902
2025-04-03 23:41:08,035 [INFO ] Validation F1: 0.4803
2025-04-03 23:41:08,035 [INFO ] Test F1: 0.5130
2025-04-03 23:42:30,248 [INFO ] Train F1: 0.4808
2025-04-03 23:43:16,453 [INFO ] Validation F1: 0.4583
2025-04-03 23:43:16,453 [INFO ] Test F1: 0.5204
2025-04-03 23:44:37,614 [INFO ] Train F1: 0.4732
2025-04-03 23:45:23,337 [INFO ] Validation F1: 0.5103
2025-04-03 23:45:23,338 [INFO ] Test F1: 0.5710
2025-04-03 23:46:46,330 [INFO ] Train F1: 0.4860
2025-04-03 23:47:29,923 [INFO ] Validation F1: 0.4769
2025-04-03 23:47:29,923 [INFO ] Test F1: 0.5323
2025-04-03 23:49:33,658 [INFO ] Train F1: 0.4651
2025-04-03 23:51:02,805 [INFO ] Validation F1: 0.4948
2025-04-03 23:51:02,806 [INFO ] Test F1: 0.5623
2025-04-03 23:53:07,955 [INFO ] Train F1: 0.4827
2025-04-03 23:54:39,728 [INFO ] Validation F1: 0.5138
2025-04-03 23:54:39,729 [INFO ] Test F1: 0.5776
2025-04-03 23:56:43,386 [INFO ] Train F1: 0.4937
2025-04-03 23:58:15,754 [INFO ] Validation F1: 0.5169
2025-04-03 23:58:15,754 [INFO ] Test F1: 0.5858
2025-04-04 00:00:19,882 [INFO ] Train F1: 0.4899
2025-04-04 00:01:51,934 [INFO ] Validation F1: 0.4918
2025-04-04 00:01:51,935 [INFO ] Test F1: 0.5429
2025-04-04 00:03:57,788 [INFO ] Train F1: 0.5122
2025-04-04 00:05:29,776 [INFO ] Validation F1: 0.5097
2025-04-04 00:05:29,776 [INFO ] Test F1: 0.5689
2025-04-04 00:07:44,215 [INFO ] Train F1: 0.4962
2025-04-04 00:09:17,710 [INFO ] Validation F1: 0.4807
2025-04-04 00:09:17,711 [INFO ] Test F1: 0.5125
2025-04-04 00:12:02,968 [INFO ] Train F1: 0.4943
2025-04-04 00:13:34,144 [INFO ] Validation F1: 0.4893
2025-04-04 00:13:34,145 [INFO ] Test F1: 0.5179
2025-04-04 00:16:12,506 [INFO ] Train F1: 0.4769
2025-04-04 00:17:43,811 [INFO ] Validation F1: 0.4517
2025-04-04 00:17:43,811 [INFO ] Test F1: 0.5110
2025-04-04 00:20:20,252 [INFO ] Train F1: 0.4997
2025-04-04 00:21:53,238 [INFO ] Validation F1: 0.4854
2025-04-04 00:21:53,238 [INFO ] Test F1: 0.5146
2025-04-04 00:23:57,637 [INFO ] Train F1: 0.4972
2025-04-04 00:25:31,978 [INFO ] Validation F1: 0.4866
2025-04-04 00:25:31,979 [INFO ] Test F1: 0.5509
2025-04-04 00:27:38,384 [INFO ] Train F1: 0.4924
2025-04-04 00:29:12,662 [INFO ] Validation F1: 0.4993
2025-04-04 00:29:12,663 [INFO ] Test F1: 0.5778
2025-04-04 00:31:19,163 [INFO ] Train F1: 0.5000
2025-04-04 00:32:53,831 [INFO ] Validation F1: 0.5052
2025-04-04 00:32:53,833 [INFO ] Test F1: 0.5530
2025-04-04 00:35:01,684 [INFO ] Train F1: 0.5122
2025-04-04 00:36:37,083 [INFO ] Validation F1: 0.4851
2025-04-04 00:36:37,084 [INFO ] Test F1: 0.5401
2025-04-04 00:38:44,896 [INFO ] Train F1: 0.4991
2025-04-04 00:40:20,457 [INFO ] Validation F1: 0.5042
2025-04-04 00:40:20,458 [INFO ] Test F1: 0.5485
2025-04-04 00:42:25,126 [INFO ] Train F1: 0.5044
2025-04-04 00:44:00,612 [INFO ] Validation F1: 0.4961
2025-04-04 00:44:00,613 [INFO ] Test F1: 0.5313
2025-04-04 00:46:06,834 [INFO ] Train F1: 0.5112
2025-04-04 00:47:41,766 [INFO ] Validation F1: 0.5190
2025-04-04 00:47:41,767 [INFO ] Test F1: 0.5627
2025-04-04 00:49:48,380 [INFO ] Train F1: 0.4933
2025-04-04 00:51:17,320 [INFO ] Validation F1: 0.5267
2025-04-04 00:51:17,321 [INFO ] Test F1: 0.5864
2025-04-04 00:53:33,005 [INFO ] Train F1: 0.5048
2025-04-04 00:55:13,647 [INFO ] Validation F1: 0.4729
2025-04-04 00:55:13,649 [INFO ] Test F1: 0.5051
2025-04-04 00:58:47,789 [INFO ] Train F1: 0.5213
2025-04-04 01:00:22,697 [INFO ] Validation F1: 0.4933
2025-04-04 01:00:22,698 [INFO ] Test F1: 0.5310
2025-04-04 01:03:29,109 [INFO ] Train F1: 0.5174
2025-04-04 01:05:01,463 [INFO ] Validation F1: 0.4804
2025-04-04 01:05:01,463 [INFO ] Test F1: 0.4736
2025-04-04 01:08:02,027 [INFO ] Train F1: 0.5078
2025-04-04 01:09:39,869 [INFO ] Validation F1: 0.4968
2025-04-04 01:09:39,871 [INFO ] Test F1: 0.5510
2025-04-04 01:12:57,911 [INFO ] Train F1: 0.5233
2025-04-04 01:14:31,364 [INFO ] Validation F1: 0.4739
2025-04-04 01:14:31,364 [INFO ] Test F1: 0.4916
2025-04-04 01:17:34,099 [INFO ] Train F1: 0.5145
2025-04-04 01:19:06,069 [INFO ] Validation F1: 0.5248
2025-04-04 01:19:06,069 [INFO ] Test F1: 0.5719
2025-04-04 01:21:52,347 [INFO ] Train F1: 0.5091
2025-04-04 01:23:25,851 [INFO ] Validation F1: 0.5049
2025-04-04 01:23:25,852 [INFO ] Test F1: 0.5724
2025-04-04 01:24:47,829 [INFO ] Train F1: 0.5096
2025-04-04 01:25:30,142 [INFO ] Validation F1: 0.4436
2025-04-04 01:25:30,142 [INFO ] Test F1: 0.4770
2025-04-04 01:26:47,676 [INFO ] Train F1: 0.5176
2025-04-04 01:27:31,218 [INFO ] Validation F1: 0.5293
2025-04-04 01:27:31,218 [INFO ] Test F1: 0.5749
2025-04-04 01:28:48,928 [INFO ] Train F1: 0.5147
2025-04-04 01:29:32,897 [INFO ] Validation F1: 0.4753
2025-04-04 01:29:32,897 [INFO ] Test F1: 0.5058
2025-04-04 01:30:51,464 [INFO ] Train F1: 0.5146
2025-04-04 01:31:38,412 [INFO ] Validation F1: 0.5171
2025-04-04 01:31:38,412 [INFO ] Test F1: 0.5570
2025-04-04 01:32:58,655 [INFO ] Train F1: 0.5192
2025-04-04 01:33:45,582 [INFO ] Validation F1: 0.5101
2025-04-04 01:33:45,582 [INFO ] Test F1: 0.5666
2025-04-04 01:35:03,185 [INFO ] Train F1: 0.5247
2025-04-04 01:35:50,415 [INFO ] Validation F1: 0.5261
2025-04-04 01:35:50,415 [INFO ] Test F1: 0.5836
2025-04-04 01:37:08,011 [INFO ] Train F1: 0.5111
2025-04-04 01:37:55,319 [INFO ] Validation F1: 0.5038
2025-04-04 01:37:55,319 [INFO ] Test F1: 0.5511
2025-04-04 01:39:13,367 [INFO ] Train F1: 0.5316
2025-04-04 01:39:56,163 [INFO ] Validation F1: 0.5200
2025-04-04 01:39:56,163 [INFO ] Test F1: 0.5629
2025-04-04 01:41:13,865 [INFO ] Train F1: 0.5168
2025-04-04 01:41:56,963 [INFO ] Validation F1: 0.4651
2025-04-04 01:41:56,963 [INFO ] Test F1: 0.5223
2025-04-04 01:43:14,828 [INFO ] Train F1: 0.5176
2025-04-04 01:43:57,324 [INFO ] Validation F1: 0.5174
2025-04-04 01:43:57,324 [INFO ] Test F1: 0.5802
2025-04-04 01:45:15,564 [INFO ] Train F1: 0.5285
2025-04-04 01:45:58,575 [INFO ] Validation F1: 0.5192
2025-04-04 01:45:58,575 [INFO ] Test F1: 0.5849
2025-04-04 01:47:17,122 [INFO ] Train F1: 0.5148
2025-04-04 01:48:00,159 [INFO ] Validation F1: 0.4314
2025-04-04 01:48:00,159 [INFO ] Test F1: 0.5340
2025-04-04 01:49:18,022 [INFO ] Train F1: 0.5304
2025-04-04 01:50:00,712 [INFO ] Validation F1: 0.4979
2025-04-04 01:50:00,712 [INFO ] Test F1: 0.5764
2025-04-04 01:51:18,595 [INFO ] Train F1: 0.5247
2025-04-04 01:52:03,107 [INFO ] Validation F1: 0.5307
2025-04-04 01:52:03,108 [INFO ] Test F1: 0.5807
2025-04-04 01:53:20,865 [INFO ] Train F1: 0.5407
2025-04-04 01:54:04,780 [INFO ] Validation F1: 0.5447
2025-04-04 01:54:04,780 [INFO ] Test F1: 0.6033
2025-04-04 01:54:04,782 [INFO ] Training finished.
2025-04-04 01:54:05,726 [INFO ] Wandb run finished.
2025-04-04 03:40:53,609 [INFO ] Random seed set as 1
2025-04-04 03:40:53,610 [INFO ] Retrieving data
2025-04-04 03:40:55,462 [INFO ] Available Edge Features: ['EdgeID', 'from_id', 'to_id', 'Timestamp', 'Amount Sent', 'Sent Currency', 'Amount Received', 'Received Currency', 'Payment Format', 'Is Laundering']
2025-04-04 03:41:24,935 [INFO ] Illicit ratio = 5177 / 5078345 = 0.10%
2025-04-04 03:41:24,935 [INFO ] Number of nodes (holdings doing transcations) = 515088
2025-04-04 03:41:24,935 [INFO ] Number of transactions = 5078345
2025-04-04 03:41:24,935 [INFO ] Edge features being used: ['Timestamp', 'Amount Received', 'Received Currency', 'Payment Format']
2025-04-04 03:41:24,936 [INFO ] Node features being used: ['Feature'] ("Feature" is a placeholder feature of all 1s)
2025-04-04 03:41:25,041 [INFO ] number of days and transactions in the data: 18 days, 5078345 transactions
2025-04-04 03:41:25,108 [INFO ] Calculate split: [[0, 1, 2, 3, 4, 5], [6, 7], [8, 9, 10, 11, 12, 13, 14, 15, 16, 17]]
2025-04-04 03:41:25,114 [INFO ] Total train samples: 63.98% || IR: 0.08% || Train days: [0, 1, 2, 3, 4]
2025-04-04 03:41:25,115 [INFO ] Total val samples: 19.01% || IR: 0.11% || Val days: [6, 7]
2025-04-04 03:41:25,115 [INFO ] Total test samples: 17.01% || IR: 0.19% || Test days: [8, 9, 10, 11, 12]
2025-04-04 03:41:25,419 [INFO ] train data object: GraphData(x=[515088, 1], edge_index=[2, 3248921], edge_attr=[3248921, 4], y=[3248921], readout='edge', loss_fn='ce', num_nodes=515088, timestamps=[3248921])
2025-04-04 03:41:25,419 [INFO ] validation data object: GraphData(x=[515088, 1], edge_index=[2, 4214445], edge_attr=[4214445, 4], y=[4214445], readout='edge', loss_fn='ce', num_nodes=515088, timestamps=[4214445])
2025-04-04 03:41:25,419 [INFO ] test data object: GraphData(x=[515088, 1], edge_index=[2, 5078345], edge_attr=[5078345, 4], y=[5078345], readout='edge', loss_fn='ce', num_nodes=515088, timestamps=[5078345])
2025-04-04 03:41:25,424 [INFO ] Retrieved data in 31.81s
2025-04-04 03:41:25,424 [INFO ] Running Training
2025-04-04 03:41:25,424 [INFO ] Using device: cuda:0
2025-04-04 03:41:25,425 [INFO ] Extracted loss type: focal
2025-04-04 03:41:25,425 [INFO ] Focal loss params: alpha=[0.75, 0.25], gamma=2.0
2025-04-04 03:41:27,195 [INFO ] Initialized new model and optimizer with lr=0.006213266113989207.
2025-04-04 03:41:27,372 [INFO ] Instantiated Focal Loss (alpha=[0.75, 0.25], gamma=2.0)
2025-04-04 03:41:27,372 [INFO ] Starting training with Homogeneous Data...
2025-04-04 03:42:17,412 [INFO ] Train F1: 0.0005
2025-04-04 03:42:59,435 [INFO ] Validation F1: 0.0000
2025-04-04 03:42:59,435 [INFO ] Test F1: 0.0000
2025-04-04 03:43:51,593 [INFO ] Train F1: 0.0000
2025-04-04 03:44:33,512 [INFO ] Validation F1: 0.0000
2025-04-04 03:44:33,512 [INFO ] Test F1: 0.0000
2025-04-04 03:45:24,716 [INFO ] Train F1: 0.0000
2025-04-04 03:46:09,583 [INFO ] Validation F1: 0.0000
2025-04-04 03:46:09,583 [INFO ] Test F1: 0.0000
2025-04-04 03:47:00,482 [INFO ] Train F1: 0.0000
2025-04-04 03:47:45,237 [INFO ] Validation F1: 0.0000
2025-04-04 03:47:45,237 [INFO ] Test F1: 0.0000
2025-04-04 03:48:35,971 [INFO ] Train F1: 0.0000
2025-04-04 03:49:19,075 [INFO ] Validation F1: 0.0000
2025-04-04 03:49:19,075 [INFO ] Test F1: 0.0000
2025-04-04 03:50:09,926 [INFO ] Train F1: 0.0000
2025-04-04 03:50:51,909 [INFO ] Validation F1: 0.0000
2025-04-04 03:50:51,911 [INFO ] Test F1: 0.0000
2025-04-04 03:51:39,241 [INFO ] Train F1: 0.0000
2025-04-04 03:52:20,836 [INFO ] Validation F1: 0.0000
2025-04-04 03:52:20,836 [INFO ] Test F1: 0.0000
2025-04-04 03:53:12,245 [INFO ] Train F1: 0.0000
2025-04-04 03:53:52,290 [INFO ] Validation F1: 0.0000
2025-04-04 03:53:52,290 [INFO ] Test F1: 0.0000
2025-04-04 03:54:39,955 [INFO ] Train F1: 0.0000
2025-04-04 03:55:21,012 [INFO ] Validation F1: 0.0000
2025-04-04 03:55:21,012 [INFO ] Test F1: 0.0000
2025-04-04 03:56:12,973 [INFO ] Train F1: 0.0000
2025-04-04 03:56:53,712 [INFO ] Validation F1: 0.0000
2025-04-04 03:56:53,712 [INFO ] Test F1: 0.0000
2025-04-04 03:57:46,978 [INFO ] Train F1: 0.0242
2025-04-04 03:58:28,242 [INFO ] Validation F1: 0.0077
2025-04-04 03:58:28,242 [INFO ] Test F1: 0.0111
2025-04-04 03:59:21,676 [INFO ] Train F1: 0.0309
2025-04-04 04:00:02,207 [INFO ] Validation F1: 0.0411
2025-04-04 04:00:02,207 [INFO ] Test F1: 0.0536
2025-04-04 04:00:54,487 [INFO ] Train F1: 0.0557
2025-04-04 04:01:34,395 [INFO ] Validation F1: 0.0340
2025-04-04 04:01:34,395 [INFO ] Test F1: 0.0388
2025-04-04 04:02:21,163 [INFO ] Train F1: 0.1083
2025-04-04 04:03:00,814 [INFO ] Validation F1: 0.0719
2025-04-04 04:03:00,814 [INFO ] Test F1: 0.0885
2025-04-04 04:03:47,558 [INFO ] Train F1: 0.1488
2025-04-04 04:04:26,898 [INFO ] Validation F1: 0.1124
2025-04-04 04:04:26,898 [INFO ] Test F1: 0.1965
2025-04-04 04:05:13,041 [INFO ] Train F1: 0.1552
2025-04-04 04:05:52,272 [INFO ] Validation F1: 0.0785
2025-04-04 04:05:52,272 [INFO ] Test F1: 0.1109
2025-04-04 04:06:44,870 [INFO ] Train F1: 0.1644
2025-04-04 04:07:24,895 [INFO ] Validation F1: 0.1624
2025-04-04 04:07:24,895 [INFO ] Test F1: 0.2009
2025-04-04 04:08:16,398 [INFO ] Train F1: 0.1682
2025-04-04 04:08:56,273 [INFO ] Validation F1: 0.1346
2025-04-04 04:08:56,273 [INFO ] Test F1: 0.1771
2025-04-04 04:09:48,260 [INFO ] Train F1: 0.1702
2025-04-04 04:10:28,243 [INFO ] Validation F1: 0.0982
2025-04-04 04:10:28,244 [INFO ] Test F1: 0.1747
2025-04-04 04:11:19,679 [INFO ] Train F1: 0.2060
2025-04-04 04:11:59,924 [INFO ] Validation F1: 0.1023
2025-04-04 04:11:59,924 [INFO ] Test F1: 0.1425
2025-04-04 04:12:49,680 [INFO ] Train F1: 0.2166
2025-04-04 04:13:29,118 [INFO ] Validation F1: 0.1858
2025-04-04 04:13:29,118 [INFO ] Test F1: 0.2119
2025-04-04 04:14:15,986 [INFO ] Train F1: 0.2178
2025-04-04 04:14:55,079 [INFO ] Validation F1: 0.1731
2025-04-04 04:14:55,079 [INFO ] Test F1: 0.2052
2025-04-04 04:15:48,503 [INFO ] Train F1: 0.2445
2025-04-04 04:16:29,052 [INFO ] Validation F1: 0.1898
2025-04-04 04:16:29,052 [INFO ] Test F1: 0.2678
2025-04-04 04:17:21,965 [INFO ] Train F1: 0.2730
2025-04-04 04:18:02,396 [INFO ] Validation F1: 0.2333
2025-04-04 04:18:02,396 [INFO ] Test F1: 0.2902
2025-04-04 04:18:56,175 [INFO ] Train F1: 0.2455
2025-04-04 04:19:36,649 [INFO ] Validation F1: 0.1862
2025-04-04 04:19:36,651 [INFO ] Test F1: 0.2488
2025-04-04 04:20:30,350 [INFO ] Train F1: 0.2734
2025-04-04 04:21:11,133 [INFO ] Validation F1: 0.2042
2025-04-04 04:21:11,133 [INFO ] Test F1: 0.2325
2025-04-04 04:22:06,036 [INFO ] Train F1: 0.2769
2025-04-04 04:22:46,866 [INFO ] Validation F1: 0.1683
2025-04-04 04:22:46,866 [INFO ] Test F1: 0.2044
2025-04-04 04:23:41,129 [INFO ] Train F1: 0.2930
2025-04-04 04:24:21,598 [INFO ] Validation F1: 0.2577
2025-04-04 04:24:21,598 [INFO ] Test F1: 0.3316
2025-04-04 04:25:09,231 [INFO ] Train F1: 0.3215
2025-04-04 04:25:49,455 [INFO ] Validation F1: 0.3024
2025-04-04 04:25:49,456 [INFO ] Test F1: 0.3818
2025-04-04 04:26:36,630 [INFO ] Train F1: 0.2971
2025-04-04 04:27:17,347 [INFO ] Validation F1: 0.2597
2025-04-04 04:27:17,347 [INFO ] Test F1: 0.3203
2025-04-04 04:28:09,270 [INFO ] Train F1: 0.3039
2025-04-04 04:28:49,426 [INFO ] Validation F1: 0.2213
2025-04-04 04:28:49,426 [INFO ] Test F1: 0.2448
2025-04-04 04:29:41,939 [INFO ] Train F1: 0.3279
2025-04-04 04:30:22,323 [INFO ] Validation F1: 0.1622
2025-04-04 04:30:22,323 [INFO ] Test F1: 0.1581
2025-04-04 04:31:14,889 [INFO ] Train F1: 0.3186
2025-04-04 04:31:54,924 [INFO ] Validation F1: 0.2274
2025-04-04 04:31:54,924 [INFO ] Test F1: 0.2778
2025-04-04 04:32:47,730 [INFO ] Train F1: 0.3319
2025-04-04 04:33:27,725 [INFO ] Validation F1: 0.2263
2025-04-04 04:33:27,726 [INFO ] Test F1: 0.2559
2025-04-04 04:34:19,335 [INFO ] Train F1: 0.3338
2025-04-04 04:34:59,337 [INFO ] Validation F1: 0.2351
2025-04-04 04:34:59,337 [INFO ] Test F1: 0.2979
2025-04-04 04:35:46,639 [INFO ] Train F1: 0.3368
2025-04-04 04:36:26,732 [INFO ] Validation F1: 0.2569
2025-04-04 04:36:26,732 [INFO ] Test F1: 0.3340
2025-04-04 04:37:19,016 [INFO ] Train F1: 0.3534
2025-04-04 04:37:59,209 [INFO ] Validation F1: 0.2812
2025-04-04 04:37:59,209 [INFO ] Test F1: 0.3229
2025-04-04 04:38:51,419 [INFO ] Train F1: 0.3433
2025-04-04 04:39:31,560 [INFO ] Validation F1: 0.2434
2025-04-04 04:39:31,561 [INFO ] Test F1: 0.2875
2025-04-04 04:40:24,609 [INFO ] Train F1: 0.3299
2025-04-04 04:41:04,618 [INFO ] Validation F1: 0.2585
2025-04-04 04:41:04,618 [INFO ] Test F1: 0.3190
2025-04-04 04:41:57,115 [INFO ] Train F1: 0.3677
2025-04-04 04:42:37,366 [INFO ] Validation F1: 0.3251
2025-04-04 04:42:37,366 [INFO ] Test F1: 0.3289
2025-04-04 04:43:29,022 [INFO ] Train F1: 0.3594
2025-04-04 04:44:09,142 [INFO ] Validation F1: 0.2928
2025-04-04 04:44:09,143 [INFO ] Test F1: 0.3312
2025-04-04 04:45:01,480 [INFO ] Train F1: 0.3484
2025-04-04 04:45:41,306 [INFO ] Validation F1: 0.2081
2025-04-04 04:45:41,307 [INFO ] Test F1: 0.2527
2025-04-04 04:46:31,577 [INFO ] Train F1: 0.3695
2025-04-04 04:47:17,500 [INFO ] Validation F1: 0.2814
2025-04-04 04:47:17,500 [INFO ] Test F1: 0.3384
2025-04-04 04:48:08,252 [INFO ] Train F1: 0.3578
2025-04-04 04:48:49,832 [INFO ] Validation F1: 0.2220
2025-04-04 04:48:49,832 [INFO ] Test F1: 0.2352
2025-04-04 04:49:38,967 [INFO ] Train F1: 0.3839
2025-04-04 04:50:19,567 [INFO ] Validation F1: 0.2312
2025-04-04 04:50:19,567 [INFO ] Test F1: 0.2672
2025-04-09 20:17:38,627 [INFO ] Random seed set as 1
2025-04-09 20:17:38,627 [INFO ] Retrieving data
2025-04-09 20:17:40,480 [INFO ] Available Edge Features: ['EdgeID', 'from_id', 'to_id', 'Timestamp', 'Amount Sent', 'Sent Currency', 'Amount Received', 'Received Currency', 'Payment Format', 'Is Laundering']
2025-04-09 20:18:44,921 [INFO ] Illicit ratio = 5177 / 5078345 = 0.10%
2025-04-09 20:18:44,921 [INFO ] Number of nodes (holdings doing transcations) = 515088
2025-04-09 20:18:44,921 [INFO ] Number of transactions = 5078345
2025-04-09 20:18:44,921 [INFO ] Edge features being used: ['Timestamp', 'Amount Received', 'Received Currency', 'Payment Format']
2025-04-09 20:18:44,922 [INFO ] Node features being used: ['Feature'] ("Feature" is a placeholder feature of all 1s)
2025-04-09 20:18:45,113 [INFO ] number of days and transactions in the data: 18 days, 5078345 transactions
2025-04-09 20:18:45,181 [INFO ] Calculate split: [[0, 1, 2, 3, 4, 5], [6, 7], [8, 9, 10, 11, 12, 13, 14, 15, 16, 17]]
2025-04-09 20:18:45,191 [INFO ] Total train samples: 63.98% || IR: 0.08% || Train days: [0, 1, 2, 3, 4]
2025-04-09 20:18:45,192 [INFO ] Total val samples: 19.01% || IR: 0.11% || Val days: [6, 7]
2025-04-09 20:18:45,193 [INFO ] Total test samples: 17.01% || IR: 0.19% || Test days: [8, 9, 10, 11, 12]
2025-04-09 20:18:45,543 [INFO ] train data object: GraphData(x=[515088, 1], edge_index=[2, 3248921], edge_attr=[3248921, 4], y=[3248921], readout='edge', loss_fn='ce', num_nodes=515088, timestamps=[3248921])
2025-04-09 20:18:45,543 [INFO ] validation data object: GraphData(x=[515088, 1], edge_index=[2, 4214445], edge_attr=[4214445, 4], y=[4214445], readout='edge', loss_fn='ce', num_nodes=515088, timestamps=[4214445])
2025-04-09 20:18:45,544 [INFO ] test data object: GraphData(x=[515088, 1], edge_index=[2, 5078345], edge_attr=[5078345, 4], y=[5078345], readout='edge', loss_fn='ce', num_nodes=515088, timestamps=[5078345])
2025-04-09 20:18:45,550 [INFO ] Retrieved data in 66.92s
2025-04-09 20:18:45,550 [INFO ] Running Training
2025-04-09 20:18:45,551 [INFO ] Using device: cuda:0
2025-04-09 20:18:45,552 [INFO ] Extracted loss type: focal
2025-04-09 20:18:45,553 [INFO ] Focal loss params: alpha=[0.75, 0.25], gamma=2.0
2025-04-09 20:18:47,491 [INFO ] Initialized new model and optimizer with lr=0.006213266113989207.
2025-04-09 20:18:47,915 [INFO ] Instantiated Focal Loss (alpha=[0.75, 0.25], gamma=2.0)
2025-04-09 20:18:47,916 [INFO ] Starting training with Homogeneous Data...
2025-04-09 20:19:36,918 [INFO ] Train F1: 0.0016
2025-04-09 20:20:23,429 [INFO ] Validation F1: 0.0000
2025-04-09 20:20:23,430 [INFO ] Test F1: 0.0000
2025-04-09 20:20:49,991 [INFO ] Random seed set as 1
2025-04-09 20:20:49,991 [INFO ] Retrieving data
2025-04-09 20:20:51,866 [INFO ] Available Edge Features: ['EdgeID', 'from_id', 'to_id', 'Timestamp', 'Amount Sent', 'Sent Currency', 'Amount Received', 'Received Currency', 'Payment Format', 'Is Laundering']
2025-04-09 20:21:21,589 [INFO ] Illicit ratio = 5177 / 5078345 = 0.10%
2025-04-09 20:21:21,589 [INFO ] Number of nodes (holdings doing transcations) = 515088
2025-04-09 20:21:21,589 [INFO ] Number of transactions = 5078345
2025-04-09 20:21:21,589 [INFO ] Edge features being used: ['Timestamp', 'Amount Received', 'Received Currency', 'Payment Format']
2025-04-09 20:21:21,589 [INFO ] Node features being used: ['Feature'] ("Feature" is a placeholder feature of all 1s)
2025-04-09 20:21:21,695 [INFO ] number of days and transactions in the data: 18 days, 5078345 transactions
2025-04-09 20:21:21,736 [INFO ] Calculate split: [[0, 1, 2, 3, 4, 5], [6, 7], [8, 9, 10, 11, 12, 13, 14, 15, 16, 17]]
2025-04-09 20:21:21,741 [INFO ] Total train samples: 63.98% || IR: 0.08% || Train days: [0, 1, 2, 3, 4]
2025-04-09 20:21:21,742 [INFO ] Total val samples: 19.01% || IR: 0.11% || Val days: [6, 7]
2025-04-09 20:21:21,743 [INFO ] Total test samples: 17.01% || IR: 0.19% || Test days: [8, 9, 10, 11, 12]
2025-04-09 20:21:21,992 [INFO ] train data object: GraphData(x=[515088, 1], edge_index=[2, 3248921], edge_attr=[3248921, 4], y=[3248921], readout='edge', loss_fn='ce', num_nodes=515088, timestamps=[3248921])
2025-04-09 20:21:21,992 [INFO ] validation data object: GraphData(x=[515088, 1], edge_index=[2, 4214445], edge_attr=[4214445, 4], y=[4214445], readout='edge', loss_fn='ce', num_nodes=515088, timestamps=[4214445])
2025-04-09 20:21:21,992 [INFO ] test data object: GraphData(x=[515088, 1], edge_index=[2, 5078345], edge_attr=[5078345, 4], y=[5078345], readout='edge', loss_fn='ce', num_nodes=515088, timestamps=[5078345])
2025-04-09 20:21:21,996 [INFO ] Retrieved data in 32.00s
2025-04-09 20:21:21,996 [INFO ] Running Training
2025-04-09 20:21:21,997 [INFO ] Using device: cuda:0
2025-04-09 20:21:21,997 [INFO ] Extracted loss type: focal
2025-04-09 20:21:21,998 [INFO ] Focal loss params: alpha=[0.75, 0.25], gamma=2.0
2025-04-09 20:21:23,695 [INFO ] Initialized new model and optimizer with lr=0.0006116418195373612.
2025-04-09 20:21:24,134 [INFO ] Instantiated Focal Loss (alpha=[0.75, 0.25], gamma=2.0)
2025-04-09 20:21:24,134 [INFO ] Starting training with Homogeneous Data...
2025-04-09 20:22:11,231 [INFO ] Train F1: 0.0015
2025-04-09 20:22:37,301 [INFO ] Validation F1: 0.0010
2025-04-09 20:22:37,301 [INFO ] Test F1: 0.0000
2025-04-09 20:23:22,575 [INFO ] Train F1: 0.0000
2025-04-09 20:23:48,009 [INFO ] Validation F1: 0.0000
2025-04-09 20:23:48,009 [INFO ] Test F1: 0.0000
2025-04-09 20:24:33,366 [INFO ] Train F1: 0.0000
2025-04-09 20:24:58,854 [INFO ] Validation F1: 0.0000
2025-04-09 20:24:58,854 [INFO ] Test F1: 0.0000
2025-04-09 20:25:43,735 [INFO ] Train F1: 0.0000
2025-04-09 20:26:09,664 [INFO ] Validation F1: 0.0000
2025-04-09 20:26:09,664 [INFO ] Test F1: 0.0000
2025-04-09 20:26:55,385 [INFO ] Train F1: 0.0000
2025-04-09 20:27:23,488 [INFO ] Validation F1: 0.0000
2025-04-09 20:27:23,488 [INFO ] Test F1: 0.0000
2025-04-09 20:28:10,512 [INFO ] Train F1: 0.0000
2025-04-09 20:28:37,968 [INFO ] Validation F1: 0.0000
2025-04-09 20:28:37,968 [INFO ] Test F1: 0.0000
2025-04-09 20:29:25,048 [INFO ] Train F1: 0.0000
2025-04-09 20:29:52,657 [INFO ] Validation F1: 0.0000
2025-04-09 20:29:52,657 [INFO ] Test F1: 0.0000
2025-04-09 20:30:40,751 [INFO ] Train F1: 0.0000
2025-04-09 20:31:08,102 [INFO ] Validation F1: 0.0000
2025-04-09 20:31:08,102 [INFO ] Test F1: 0.0000
2025-04-09 20:31:55,095 [INFO ] Train F1: 0.0000
2025-04-09 20:32:22,221 [INFO ] Validation F1: 0.0000
2025-04-09 20:32:22,221 [INFO ] Test F1: 0.0000
2025-04-09 20:33:09,537 [INFO ] Train F1: 0.0000
2025-04-09 20:33:35,278 [INFO ] Validation F1: 0.0000
2025-04-09 20:33:35,278 [INFO ] Test F1: 0.0000
2025-04-09 20:34:21,343 [INFO ] Train F1: 0.0000
2025-04-09 20:34:47,770 [INFO ] Validation F1: 0.0000
2025-04-09 20:34:47,770 [INFO ] Test F1: 0.0000
2025-04-09 20:35:35,107 [INFO ] Train F1: 0.0000
2025-04-09 20:36:02,660 [INFO ] Validation F1: 0.0000
2025-04-09 20:36:02,660 [INFO ] Test F1: 0.0000
2025-04-09 20:36:51,268 [INFO ] Train F1: 0.0000
2025-04-09 20:37:19,172 [INFO ] Validation F1: 0.0000
2025-04-09 20:37:19,172 [INFO ] Test F1: 0.0000
2025-04-09 20:38:06,665 [INFO ] Train F1: 0.0000
2025-04-09 20:38:34,709 [INFO ] Validation F1: 0.0000
2025-04-09 20:38:34,709 [INFO ] Test F1: 0.0000
2025-04-09 20:39:22,312 [INFO ] Train F1: 0.0000
2025-04-09 20:39:49,811 [INFO ] Validation F1: 0.0000
2025-04-09 20:39:49,811 [INFO ] Test F1: 0.0000
2025-04-09 20:40:37,532 [INFO ] Train F1: 0.0000
2025-04-09 20:41:04,773 [INFO ] Validation F1: 0.0000
2025-04-09 20:41:04,773 [INFO ] Test F1: 0.0000
2025-04-09 20:41:52,696 [INFO ] Train F1: 0.0000
2025-04-09 20:42:20,576 [INFO ] Validation F1: 0.0000
2025-04-09 20:42:20,576 [INFO ] Test F1: 0.0000
2025-04-09 20:43:08,557 [INFO ] Train F1: 0.0000
2025-04-09 20:43:36,334 [INFO ] Validation F1: 0.0000
2025-04-09 20:43:36,334 [INFO ] Test F1: 0.0000
2025-04-09 20:44:24,732 [INFO ] Train F1: 0.0000
2025-04-09 20:44:52,540 [INFO ] Validation F1: 0.0000
2025-04-09 20:44:52,541 [INFO ] Test F1: 0.0000
2025-04-09 20:45:40,061 [INFO ] Train F1: 0.0000
2025-04-09 20:46:07,323 [INFO ] Validation F1: 0.0000
2025-04-09 20:46:07,323 [INFO ] Test F1: 0.0000
2025-04-09 20:46:53,595 [INFO ] Train F1: 0.0000
2025-04-09 20:47:20,045 [INFO ] Validation F1: 0.0000
2025-04-09 20:47:20,045 [INFO ] Test F1: 0.0000
2025-04-09 20:48:06,576 [INFO ] Train F1: 0.0000
2025-04-09 20:48:33,520 [INFO ] Validation F1: 0.0000
2025-04-09 20:48:33,520 [INFO ] Test F1: 0.0000
2025-04-09 20:49:20,398 [INFO ] Train F1: 0.0000
2025-04-09 20:49:47,403 [INFO ] Validation F1: 0.0000
2025-04-09 20:49:47,403 [INFO ] Test F1: 0.0000
2025-04-09 20:50:34,589 [INFO ] Train F1: 0.0000
2025-04-09 20:51:01,379 [INFO ] Validation F1: 0.0000
2025-04-09 20:51:01,380 [INFO ] Test F1: 0.0000
2025-04-09 20:51:48,646 [INFO ] Train F1: 0.0000
2025-04-09 20:52:15,191 [INFO ] Validation F1: 0.0000
2025-04-09 20:52:15,193 [INFO ] Test F1: 0.0000
2025-04-09 20:53:01,960 [INFO ] Train F1: 0.0000
2025-04-09 20:53:29,472 [INFO ] Validation F1: 0.0000
2025-04-09 20:53:29,472 [INFO ] Test F1: 0.0000
2025-04-09 20:54:16,664 [INFO ] Train F1: 0.0000
2025-04-09 20:54:43,763 [INFO ] Validation F1: 0.0000
2025-04-09 20:54:43,763 [INFO ] Test F1: 0.0000
2025-04-09 20:55:31,156 [INFO ] Train F1: 0.0000
2025-04-09 20:55:59,132 [INFO ] Validation F1: 0.0000
2025-04-09 20:55:59,133 [INFO ] Test F1: 0.0000
2025-04-09 20:56:46,662 [INFO ] Train F1: 0.0000
2025-04-09 20:57:13,971 [INFO ] Validation F1: 0.0000
2025-04-09 20:57:13,971 [INFO ] Test F1: 0.0000
2025-04-09 20:58:01,290 [INFO ] Train F1: 0.0000
2025-04-09 20:58:28,972 [INFO ] Validation F1: 0.0000
2025-04-09 20:58:28,972 [INFO ] Test F1: 0.0012
2025-04-09 20:59:15,619 [INFO ] Train F1: 0.0000
2025-04-09 20:59:42,980 [INFO ] Validation F1: 0.0000
2025-04-09 20:59:42,980 [INFO ] Test F1: 0.0000
2025-04-09 21:00:30,434 [INFO ] Train F1: 0.0000
2025-04-09 21:00:57,870 [INFO ] Validation F1: 0.0000
2025-04-09 21:00:57,870 [INFO ] Test F1: 0.0000
2025-04-09 21:01:45,281 [INFO ] Train F1: 0.0000
2025-04-09 21:02:13,304 [INFO ] Validation F1: 0.0000
2025-04-09 21:02:13,304 [INFO ] Test F1: 0.0000
2025-04-09 21:03:00,661 [INFO ] Train F1: 0.0000
2025-04-09 21:03:27,524 [INFO ] Validation F1: 0.0000
2025-04-09 21:03:27,524 [INFO ] Test F1: 0.0000
2025-04-09 21:04:12,404 [INFO ] Train F1: 0.0000
2025-04-09 21:04:38,054 [INFO ] Validation F1: 0.0000
2025-04-09 21:04:38,055 [INFO ] Test F1: 0.0000
2025-04-09 21:05:23,173 [INFO ] Train F1: 0.0000
2025-04-09 21:05:48,799 [INFO ] Validation F1: 0.0000
2025-04-09 21:05:48,799 [INFO ] Test F1: 0.0000
2025-04-09 21:06:33,723 [INFO ] Train F1: 0.0000
2025-04-09 21:06:59,193 [INFO ] Validation F1: 0.0000
2025-04-09 21:06:59,193 [INFO ] Test F1: 0.0000
2025-04-09 21:07:47,660 [INFO ] Train F1: 0.0000
2025-04-09 21:08:13,065 [INFO ] Validation F1: 0.0000
2025-04-09 21:08:13,065 [INFO ] Test F1: 0.0000
2025-04-09 21:08:57,630 [INFO ] Train F1: 0.0000
2025-04-09 21:09:22,971 [INFO ] Validation F1: 0.0000
2025-04-09 21:09:22,971 [INFO ] Test F1: 0.0000
2025-04-09 21:10:07,582 [INFO ] Train F1: 0.0000
2025-04-09 21:10:32,982 [INFO ] Validation F1: 0.0000
2025-04-09 21:10:32,982 [INFO ] Test F1: 0.0000
2025-04-09 21:11:17,577 [INFO ] Train F1: 0.0000
2025-04-09 21:11:42,752 [INFO ] Validation F1: 0.0000
2025-04-09 21:11:42,752 [INFO ] Test F1: 0.0000
2025-04-09 21:12:27,179 [INFO ] Train F1: 0.0000
2025-04-09 21:12:52,472 [INFO ] Validation F1: 0.0000
2025-04-09 21:12:52,472 [INFO ] Test F1: 0.0012
2025-04-09 21:13:36,982 [INFO ] Train F1: 0.0000
2025-04-09 21:14:02,174 [INFO ] Validation F1: 0.0000
2025-04-09 21:14:02,174 [INFO ] Test F1: 0.0000
2025-04-09 21:14:46,606 [INFO ] Train F1: 0.0000
2025-04-09 21:15:11,722 [INFO ] Validation F1: 0.0000
2025-04-09 21:15:11,723 [INFO ] Test F1: 0.0000
2025-04-09 21:15:56,254 [INFO ] Train F1: 0.0000
2025-04-09 21:16:21,550 [INFO ] Validation F1: 0.0000
2025-04-09 21:16:21,550 [INFO ] Test F1: 0.0000
2025-04-09 21:17:06,120 [INFO ] Train F1: 0.0000
2025-04-09 21:17:31,217 [INFO ] Validation F1: 0.0000
2025-04-09 21:17:31,217 [INFO ] Test F1: 0.0000
2025-04-09 21:18:15,680 [INFO ] Train F1: 0.0000
2025-04-09 21:18:40,801 [INFO ] Validation F1: 0.0000
2025-04-09 21:18:40,801 [INFO ] Test F1: 0.0000
